0 info it worked if it ends with ok
1 verbose cli [ 'C:\\Program Files\\nodejs\\node.exe',
1 verbose cli   'C:\\Program Files\\nodejs\\node_modules\\npm\\bin\\npm-cli.js',
1 verbose cli   'install',
1 verbose cli   'sharp' ]
2 info using npm@3.10.3
3 info using node@v6.5.0
4 silly loadCurrentTree Starting
5 silly install loadCurrentTree
6 silly install readLocalPackageData
7 silly fetchPackageMetaData sharp
8 silly fetchNamedPackageData sharp
9 silly mapToRegistry name sharp
10 silly mapToRegistry using default registry
11 silly mapToRegistry registry https://registry.npmjs.org/
12 silly mapToRegistry data Result {
12 silly mapToRegistry   raw: 'sharp',
12 silly mapToRegistry   scope: null,
12 silly mapToRegistry   escapedName: 'sharp',
12 silly mapToRegistry   name: 'sharp',
12 silly mapToRegistry   rawSpec: '',
12 silly mapToRegistry   spec: 'latest',
12 silly mapToRegistry   type: 'tag' }
13 silly mapToRegistry uri https://registry.npmjs.org/sharp
14 verbose request uri https://registry.npmjs.org/sharp
15 verbose request no auth needed
16 info attempt registry request try #1 at 1:44:54 PM
17 verbose request id 3ae44e9bca154455
18 verbose etag "AM5PXCR8UCUMNCFLPB6BTTNAT"
19 http request GET https://registry.npmjs.org/sharp
20 http 304 https://registry.npmjs.org/sharp
21 verbose headers { date: 'Mon, 24 Oct 2016 10:44:54 GMT',
21 verbose headers   via: '1.1 varnish',
21 verbose headers   'cache-control': 'max-age=300',
21 verbose headers   etag: '"AM5PXCR8UCUMNCFLPB6BTTNAT"',
21 verbose headers   age: '243',
21 verbose headers   connection: 'keep-alive',
21 verbose headers   'x-served-by': 'cache-ams4443-AMS',
21 verbose headers   'x-cache': 'HIT',
21 verbose headers   'x-cache-hits': '1',
21 verbose headers   'x-timer': 'S1477305894.842499,VS0,VE0',
21 verbose headers   vary: 'Accept-Encoding' }
22 silly get cb [ 304,
22 silly get   { date: 'Mon, 24 Oct 2016 10:44:54 GMT',
22 silly get     via: '1.1 varnish',
22 silly get     'cache-control': 'max-age=300',
22 silly get     etag: '"AM5PXCR8UCUMNCFLPB6BTTNAT"',
22 silly get     age: '243',
22 silly get     connection: 'keep-alive',
22 silly get     'x-served-by': 'cache-ams4443-AMS',
22 silly get     'x-cache': 'HIT',
22 silly get     'x-cache-hits': '1',
22 silly get     'x-timer': 'S1477305894.842499,VS0,VE0',
22 silly get     vary: 'Accept-Encoding' } ]
23 verbose etag https://registry.npmjs.org/sharp from cache
24 verbose get saving sharp to C:\Users\Pavel_Galkin\AppData\Roaming\npm-cache\registry.npmjs.org\sharp\.cache.json
25 verbose correctMkdir C:\Users\Pavel_Galkin\AppData\Roaming\npm-cache correctMkdir not in flight; initializing
26 silly install normalizeTree
27 silly loadCurrentTree Finishing
28 silly loadIdealTree Starting
29 silly install loadIdealTree
30 silly cloneCurrentTree Starting
31 silly install cloneCurrentTreeToIdealTree
32 silly cloneCurrentTree Finishing
33 silly loadShrinkwrap Starting
34 silly install loadShrinkwrap
35 silly loadShrinkwrap Finishing
36 silly loadAllDepsIntoIdealTree Starting
37 silly install loadAllDepsIntoIdealTree
38 silly resolveWithNewModule sharp@0.16.2 checking installable status
39 silly cache add args [ 'sharp', null ]
40 verbose cache add spec sharp
41 silly cache add parsed spec Result {
41 silly cache add   raw: 'sharp',
41 silly cache add   scope: null,
41 silly cache add   escapedName: 'sharp',
41 silly cache add   name: 'sharp',
41 silly cache add   rawSpec: '',
41 silly cache add   spec: 'latest',
41 silly cache add   type: 'tag' }
42 silly addNamed sharp@latest
43 verbose addNamed "latest" is being treated as a dist-tag for sharp
44 info addNameTag [ 'sharp', 'latest' ]
45 silly mapToRegistry name sharp
46 silly mapToRegistry using default registry
47 silly mapToRegistry registry https://registry.npmjs.org/
48 silly mapToRegistry data Result {
48 silly mapToRegistry   raw: 'sharp',
48 silly mapToRegistry   scope: null,
48 silly mapToRegistry   escapedName: 'sharp',
48 silly mapToRegistry   name: 'sharp',
48 silly mapToRegistry   rawSpec: '',
48 silly mapToRegistry   spec: 'latest',
48 silly mapToRegistry   type: 'tag' }
49 silly mapToRegistry uri https://registry.npmjs.org/sharp
50 verbose addNameTag registry:https://registry.npmjs.org/sharp not in flight; fetching
51 verbose get https://registry.npmjs.org/sharp not expired, no request
52 silly addNameTag next cb for sharp with tag latest
53 silly addNamed sharp@0.16.2
54 verbose addNamed "0.16.2" is a plain semver version for sharp
55 silly cache afterAdd sharp@0.16.2
56 verbose afterAdd C:\Users\Pavel_Galkin\AppData\Roaming\npm-cache\sharp\0.16.2\package\package.json not in flight; writing
57 verbose correctMkdir C:\Users\Pavel_Galkin\AppData\Roaming\npm-cache correctMkdir not in flight; initializing
58 verbose afterAdd C:\Users\Pavel_Galkin\AppData\Roaming\npm-cache\sharp\0.16.2\package\package.json written
59 silly fetchNamedPackageData bluebird
60 silly mapToRegistry name bluebird
61 silly mapToRegistry using default registry
62 silly mapToRegistry registry https://registry.npmjs.org/
63 silly mapToRegistry data Result {
63 silly mapToRegistry   raw: 'bluebird',
63 silly mapToRegistry   scope: null,
63 silly mapToRegistry   escapedName: 'bluebird',
63 silly mapToRegistry   name: 'bluebird',
63 silly mapToRegistry   rawSpec: '',
63 silly mapToRegistry   spec: 'latest',
63 silly mapToRegistry   type: 'tag' }
64 silly mapToRegistry uri https://registry.npmjs.org/bluebird
65 silly fetchNamedPackageData color
66 silly mapToRegistry name color
67 silly mapToRegistry using default registry
68 silly mapToRegistry registry https://registry.npmjs.org/
69 silly mapToRegistry data Result {
69 silly mapToRegistry   raw: 'color',
69 silly mapToRegistry   scope: null,
69 silly mapToRegistry   escapedName: 'color',
69 silly mapToRegistry   name: 'color',
69 silly mapToRegistry   rawSpec: '',
69 silly mapToRegistry   spec: 'latest',
69 silly mapToRegistry   type: 'tag' }
70 silly mapToRegistry uri https://registry.npmjs.org/color
71 silly fetchNamedPackageData nan
72 silly mapToRegistry name nan
73 silly mapToRegistry using default registry
74 silly mapToRegistry registry https://registry.npmjs.org/
75 silly mapToRegistry data Result {
75 silly mapToRegistry   raw: 'nan',
75 silly mapToRegistry   scope: null,
75 silly mapToRegistry   escapedName: 'nan',
75 silly mapToRegistry   name: 'nan',
75 silly mapToRegistry   rawSpec: '',
75 silly mapToRegistry   spec: 'latest',
75 silly mapToRegistry   type: 'tag' }
76 silly mapToRegistry uri https://registry.npmjs.org/nan
77 verbose request uri https://registry.npmjs.org/color
78 verbose request no auth needed
79 info attempt registry request try #1 at 1:44:55 PM
80 verbose etag "A5PSLGYHQ31D8JUZUY6NZ7PZ6"
81 http request GET https://registry.npmjs.org/color
82 verbose request uri https://registry.npmjs.org/nan
83 verbose request no auth needed
84 info attempt registry request try #1 at 1:44:55 PM
85 verbose etag "2QXFPVXUU9DUUTAACVV4FOU2Z"
86 http request GET https://registry.npmjs.org/nan
87 verbose request uri https://registry.npmjs.org/bluebird
88 verbose request no auth needed
89 info attempt registry request try #1 at 1:44:55 PM
90 verbose etag "A6HWOJFU3IIIXUTTNHEK7DDQO"
91 http request GET https://registry.npmjs.org/bluebird
92 http 304 https://registry.npmjs.org/color
93 verbose headers { date: 'Mon, 24 Oct 2016 10:44:55 GMT',
93 verbose headers   via: '1.1 varnish',
93 verbose headers   'cache-control': 'max-age=300',
93 verbose headers   etag: '"A5PSLGYHQ31D8JUZUY6NZ7PZ6"',
93 verbose headers   age: '105',
93 verbose headers   connection: 'keep-alive',
93 verbose headers   'x-served-by': 'cache-ams4443-AMS',
93 verbose headers   'x-cache': 'HIT',
93 verbose headers   'x-cache-hits': '1',
93 verbose headers   'x-timer': 'S1477305895.079834,VS0,VE0',
93 verbose headers   vary: 'Accept-Encoding' }
94 silly get cb [ 304,
94 silly get   { date: 'Mon, 24 Oct 2016 10:44:55 GMT',
94 silly get     via: '1.1 varnish',
94 silly get     'cache-control': 'max-age=300',
94 silly get     etag: '"A5PSLGYHQ31D8JUZUY6NZ7PZ6"',
94 silly get     age: '105',
94 silly get     connection: 'keep-alive',
94 silly get     'x-served-by': 'cache-ams4443-AMS',
94 silly get     'x-cache': 'HIT',
94 silly get     'x-cache-hits': '1',
94 silly get     'x-timer': 'S1477305895.079834,VS0,VE0',
94 silly get     vary: 'Accept-Encoding' } ]
95 verbose etag https://registry.npmjs.org/color from cache
96 verbose get saving color to C:\Users\Pavel_Galkin\AppData\Roaming\npm-cache\registry.npmjs.org\color\.cache.json
97 verbose correctMkdir C:\Users\Pavel_Galkin\AppData\Roaming\npm-cache correctMkdir not in flight; initializing
98 silly resolveWithNewModule color@0.11.3 checking installable status
99 silly cache add args [ 'color@^0.11.3', null ]
100 verbose cache add spec color@^0.11.3
101 silly cache add parsed spec Result {
101 silly cache add   raw: 'color@^0.11.3',
101 silly cache add   scope: null,
101 silly cache add   escapedName: 'color',
101 silly cache add   name: 'color',
101 silly cache add   rawSpec: '^0.11.3',
101 silly cache add   spec: '>=0.11.3 <0.12.0',
101 silly cache add   type: 'range' }
102 silly addNamed color@>=0.11.3 <0.12.0
103 verbose addNamed ">=0.11.3 <0.12.0" is a valid semver range for color
104 silly addNameRange { name: 'color', range: '>=0.11.3 <0.12.0', hasData: false }
105 silly mapToRegistry name color
106 silly mapToRegistry using default registry
107 silly mapToRegistry registry https://registry.npmjs.org/
108 silly mapToRegistry data Result {
108 silly mapToRegistry   raw: 'color',
108 silly mapToRegistry   scope: null,
108 silly mapToRegistry   escapedName: 'color',
108 silly mapToRegistry   name: 'color',
108 silly mapToRegistry   rawSpec: '',
108 silly mapToRegistry   spec: 'latest',
108 silly mapToRegistry   type: 'tag' }
109 silly mapToRegistry uri https://registry.npmjs.org/color
110 verbose addNameRange registry:https://registry.npmjs.org/color not in flight; fetching
111 verbose get https://registry.npmjs.org/color not expired, no request
112 silly addNameRange number 2 { name: 'color', range: '>=0.11.3 <0.12.0', hasData: true }
113 silly addNameRange versions [ 'color',
113 silly addNameRange   [ '0.1.0',
113 silly addNameRange     '0.1.1',
113 silly addNameRange     '0.1.2',
113 silly addNameRange     '0.1.3',
113 silly addNameRange     '0.2.0',
113 silly addNameRange     '0.3.0',
113 silly addNameRange     '0.4.0',
113 silly addNameRange     '0.4.1',
113 silly addNameRange     '0.4.2',
113 silly addNameRange     '0.4.3',
113 silly addNameRange     '0.4.4',
113 silly addNameRange     '0.5.0',
113 silly addNameRange     '0.6.0',
113 silly addNameRange     '0.7.0',
113 silly addNameRange     '0.7.1',
113 silly addNameRange     '0.7.2',
113 silly addNameRange     '0.7.3',
113 silly addNameRange     '0.8.0',
113 silly addNameRange     '0.9.0',
113 silly addNameRange     '0.10.0',
113 silly addNameRange     '0.10.1',
113 silly addNameRange     '0.11.0',
113 silly addNameRange     '0.11.1',
113 silly addNameRange     '0.11.2',
113 silly addNameRange     '0.11.3' ] ]
114 silly addNamed color@0.11.3
115 verbose addNamed "0.11.3" is a plain semver version for color
116 silly cache afterAdd color@0.11.3
117 verbose afterAdd C:\Users\Pavel_Galkin\AppData\Roaming\npm-cache\color\0.11.3\package\package.json not in flight; writing
118 verbose correctMkdir C:\Users\Pavel_Galkin\AppData\Roaming\npm-cache correctMkdir not in flight; initializing
119 verbose afterAdd C:\Users\Pavel_Galkin\AppData\Roaming\npm-cache\color\0.11.3\package\package.json written
120 http 304 https://registry.npmjs.org/bluebird
121 verbose headers { date: 'Mon, 24 Oct 2016 10:44:55 GMT',
121 verbose headers   via: '1.1 varnish',
121 verbose headers   'cache-control': 'max-age=300',
121 verbose headers   etag: '"A6HWOJFU3IIIXUTTNHEK7DDQO"',
121 verbose headers   age: '298',
121 verbose headers   connection: 'keep-alive',
121 verbose headers   'x-served-by': 'cache-ams4444-AMS',
121 verbose headers   'x-cache': 'HIT',
121 verbose headers   'x-cache-hits': '2',
121 verbose headers   'x-timer': 'S1477305895.235432,VS0,VE0',
121 verbose headers   vary: 'Accept-Encoding' }
122 silly get cb [ 304,
122 silly get   { date: 'Mon, 24 Oct 2016 10:44:55 GMT',
122 silly get     via: '1.1 varnish',
122 silly get     'cache-control': 'max-age=300',
122 silly get     etag: '"A6HWOJFU3IIIXUTTNHEK7DDQO"',
122 silly get     age: '298',
122 silly get     connection: 'keep-alive',
122 silly get     'x-served-by': 'cache-ams4444-AMS',
122 silly get     'x-cache': 'HIT',
122 silly get     'x-cache-hits': '2',
122 silly get     'x-timer': 'S1477305895.235432,VS0,VE0',
122 silly get     vary: 'Accept-Encoding' } ]
123 verbose etag https://registry.npmjs.org/bluebird from cache
124 verbose get saving bluebird to C:\Users\Pavel_Galkin\AppData\Roaming\npm-cache\registry.npmjs.org\bluebird\.cache.json
125 verbose correctMkdir C:\Users\Pavel_Galkin\AppData\Roaming\npm-cache correctMkdir not in flight; initializing
126 silly resolveWithNewModule bluebird@3.4.6 checking installable status
127 silly cache add args [ 'bluebird@^3.4.6', null ]
128 verbose cache add spec bluebird@^3.4.6
129 silly cache add parsed spec Result {
129 silly cache add   raw: 'bluebird@^3.4.6',
129 silly cache add   scope: null,
129 silly cache add   escapedName: 'bluebird',
129 silly cache add   name: 'bluebird',
129 silly cache add   rawSpec: '^3.4.6',
129 silly cache add   spec: '>=3.4.6 <4.0.0',
129 silly cache add   type: 'range' }
130 silly addNamed bluebird@>=3.4.6 <4.0.0
131 verbose addNamed ">=3.4.6 <4.0.0" is a valid semver range for bluebird
132 silly addNameRange { name: 'bluebird', range: '>=3.4.6 <4.0.0', hasData: false }
133 silly mapToRegistry name bluebird
134 silly mapToRegistry using default registry
135 silly mapToRegistry registry https://registry.npmjs.org/
136 silly mapToRegistry data Result {
136 silly mapToRegistry   raw: 'bluebird',
136 silly mapToRegistry   scope: null,
136 silly mapToRegistry   escapedName: 'bluebird',
136 silly mapToRegistry   name: 'bluebird',
136 silly mapToRegistry   rawSpec: '',
136 silly mapToRegistry   spec: 'latest',
136 silly mapToRegistry   type: 'tag' }
137 silly mapToRegistry uri https://registry.npmjs.org/bluebird
138 verbose addNameRange registry:https://registry.npmjs.org/bluebird not in flight; fetching
139 verbose get https://registry.npmjs.org/bluebird not expired, no request
140 silly addNameRange number 2 { name: 'bluebird', range: '>=3.4.6 <4.0.0', hasData: true }
141 silly addNameRange versions [ 'bluebird',
141 silly addNameRange   [ '0.7.1-1',
141 silly addNameRange     '0.7.1-2',
141 silly addNameRange     '0.7.1-3',
141 silly addNameRange     '0.7.1-4',
141 silly addNameRange     '0.7.1-5',
141 silly addNameRange     '0.7.2-0',
141 silly addNameRange     '0.7.3-0',
141 silly addNameRange     '0.7.4-0',
141 silly addNameRange     '0.7.4-1',
141 silly addNameRange     '0.7.5-0',
141 silly addNameRange     '0.7.6-0',
141 silly addNameRange     '0.7.7-0',
141 silly addNameRange     '0.7.7-1',
141 silly addNameRange     '0.7.8-0',
141 silly addNameRange     '0.7.8-1',
141 silly addNameRange     '0.7.9-0',
141 silly addNameRange     '0.7.9-1',
141 silly addNameRange     '0.7.10-0',
141 silly addNameRange     '0.7.10-1',
141 silly addNameRange     '0.7.11-0',
141 silly addNameRange     '0.7.12-0',
141 silly addNameRange     '0.7.12-1',
141 silly addNameRange     '0.7.12-2',
141 silly addNameRange     '0.8.0-0',
141 silly addNameRange     '0.8.0-1',
141 silly addNameRange     '0.8.0-2',
141 silly addNameRange     '0.8.0-3',
141 silly addNameRange     '0.8.1-0',
141 silly addNameRange     '0.8.2-0',
141 silly addNameRange     '0.8.2-1',
141 silly addNameRange     '0.8.2-2',
141 silly addNameRange     '0.8.3-0',
141 silly addNameRange     '0.8.3-1',
141 silly addNameRange     '0.8.3-2',
141 silly addNameRange     '0.8.3-3',
141 silly addNameRange     '0.8.4-0',
141 silly addNameRange     '0.8.4-1',
141 silly addNameRange     '0.8.5-0',
141 silly addNameRange     '0.8.5-1',
141 silly addNameRange     '0.9.0-0',
141 silly addNameRange     '0.9.1-0',
141 silly addNameRange     '0.9.1-1',
141 silly addNameRange     '0.9.2-0',
141 silly addNameRange     '0.9.2-1',
141 silly addNameRange     '0.9.3-0',
141 silly addNameRange     '0.9.4-0',
141 silly addNameRange     '0.9.4-1',
141 silly addNameRange     '0.9.5-0',
141 silly addNameRange     '0.9.6-0',
141 silly addNameRange     '0.9.7-0',
141 silly addNameRange     '0.9.8-0',
141 silly addNameRange     '0.9.9-0',
141 silly addNameRange     '0.9.10-0',
141 silly addNameRange     '0.9.10-1',
141 silly addNameRange     '0.9.11-0',
141 silly addNameRange     '0.9.11-1',
141 silly addNameRange     '0.10.0-0',
141 silly addNameRange     '0.10.0-1',
141 silly addNameRange     '0.10.1-0',
141 silly addNameRange     '0.10.2-0',
141 silly addNameRange     '0.10.2-1',
141 silly addNameRange     '0.10.3-0',
141 silly addNameRange     '0.10.4-0',
141 silly addNameRange     '0.10.4-1',
141 silly addNameRange     '0.10.5-0',
141 silly addNameRange     '0.10.6-0',
141 silly addNameRange     '0.10.7-0',
141 silly addNameRange     '0.10.8-0',
141 silly addNameRange     '0.10.9-0',
141 silly addNameRange     '0.10.9-1',
141 silly addNameRange     '0.10.10-0',
141 silly addNameRange     '0.10.11-0',
141 silly addNameRange     '0.10.11-1',
141 silly addNameRange     '0.10.11-2',
141 silly addNameRange     '0.10.11-4',
141 silly addNameRange     '0.10.12-0',
141 silly addNameRange     '0.10.13-0',
141 silly addNameRange     '0.10.13-1',
141 silly addNameRange     '0.10.14-0',
141 silly addNameRange     '0.11.0-0',
141 silly addNameRange     '0.11.1-0',
141 silly addNameRange     '0.11.2-0',
141 silly addNameRange     '0.11.3-0',
141 silly addNameRange     '0.11.4-0',
141 silly addNameRange     '0.11.4-1',
141 silly addNameRange     '0.11.5-0',
141 silly addNameRange     '0.11.5-1',
141 silly addNameRange     '0.11.6-0',
141 silly addNameRange     '1.0.0',
141 silly addNameRange     '1.0.1',
141 silly addNameRange     '1.0.2',
141 silly addNameRange     '1.0.3',
141 silly addNameRange     '1.0.4',
141 silly addNameRange     '1.0.5',
141 silly addNameRange     '1.0.7',
141 silly addNameRange     '1.0.8',
141 silly addNameRange     '1.1.0',
141 silly addNameRange     '1.1.1',
141 silly addNameRange     '1.2.0',
141 silly addNameRange     '1.2.1',
141 silly addNameRange     ... 112 more items ] ]
142 silly addNamed bluebird@3.4.6
143 verbose addNamed "3.4.6" is a plain semver version for bluebird
144 silly cache afterAdd bluebird@3.4.6
145 verbose afterAdd C:\Users\Pavel_Galkin\AppData\Roaming\npm-cache\bluebird\3.4.6\package\package.json not in flight; writing
146 verbose correctMkdir C:\Users\Pavel_Galkin\AppData\Roaming\npm-cache correctMkdir not in flight; initializing
147 verbose afterAdd C:\Users\Pavel_Galkin\AppData\Roaming\npm-cache\bluebird\3.4.6\package\package.json written
148 http 200 https://registry.npmjs.org/nan
149 verbose headers { server: 'CouchDB/1.5.0 (Erlang OTP/R16B03)',
149 verbose headers   etag: '"2SN51DW0W9CSHLPH97XU21NLY"',
149 verbose headers   'content-type': 'application/json',
149 verbose headers   'content-encoding': 'gzip',
149 verbose headers   'cache-control': 'max-age=300',
149 verbose headers   'content-length': '17179',
149 verbose headers   'accept-ranges': 'bytes',
149 verbose headers   date: 'Mon, 24 Oct 2016 10:44:55 GMT',
149 verbose headers   via: '1.1 varnish',
149 verbose headers   age: '109',
149 verbose headers   connection: 'keep-alive',
149 verbose headers   'x-served-by': 'cache-ams4426-AMS',
149 verbose headers   'x-cache': 'HIT',
149 verbose headers   'x-cache-hits': '1',
149 verbose headers   'x-timer': 'S1477305895.234092,VS0,VE0',
149 verbose headers   vary: 'Accept-Encoding' }
150 silly get cb [ 200,
150 silly get   { server: 'CouchDB/1.5.0 (Erlang OTP/R16B03)',
150 silly get     etag: '"2SN51DW0W9CSHLPH97XU21NLY"',
150 silly get     'content-type': 'application/json',
150 silly get     'content-encoding': 'gzip',
150 silly get     'cache-control': 'max-age=300',
150 silly get     'content-length': '17179',
150 silly get     'accept-ranges': 'bytes',
150 silly get     date: 'Mon, 24 Oct 2016 10:44:55 GMT',
150 silly get     via: '1.1 varnish',
150 silly get     age: '109',
150 silly get     connection: 'keep-alive',
150 silly get     'x-served-by': 'cache-ams4426-AMS',
150 silly get     'x-cache': 'HIT',
150 silly get     'x-cache-hits': '1',
150 silly get     'x-timer': 'S1477305895.234092,VS0,VE0',
150 silly get     vary: 'Accept-Encoding' } ]
151 verbose get saving nan to C:\Users\Pavel_Galkin\AppData\Roaming\npm-cache\registry.npmjs.org\nan\.cache.json
152 verbose correctMkdir C:\Users\Pavel_Galkin\AppData\Roaming\npm-cache correctMkdir not in flight; initializing
153 silly resolveWithNewModule nan@2.4.0 checking installable status
154 silly cache add args [ 'nan@^2.4.0', null ]
155 verbose cache add spec nan@^2.4.0
156 silly cache add parsed spec Result {
156 silly cache add   raw: 'nan@^2.4.0',
156 silly cache add   scope: null,
156 silly cache add   escapedName: 'nan',
156 silly cache add   name: 'nan',
156 silly cache add   rawSpec: '^2.4.0',
156 silly cache add   spec: '>=2.4.0 <3.0.0',
156 silly cache add   type: 'range' }
157 silly addNamed nan@>=2.4.0 <3.0.0
158 verbose addNamed ">=2.4.0 <3.0.0" is a valid semver range for nan
159 silly addNameRange { name: 'nan', range: '>=2.4.0 <3.0.0', hasData: false }
160 silly mapToRegistry name nan
161 silly mapToRegistry using default registry
162 silly mapToRegistry registry https://registry.npmjs.org/
163 silly mapToRegistry data Result {
163 silly mapToRegistry   raw: 'nan',
163 silly mapToRegistry   scope: null,
163 silly mapToRegistry   escapedName: 'nan',
163 silly mapToRegistry   name: 'nan',
163 silly mapToRegistry   rawSpec: '',
163 silly mapToRegistry   spec: 'latest',
163 silly mapToRegistry   type: 'tag' }
164 silly mapToRegistry uri https://registry.npmjs.org/nan
165 verbose addNameRange registry:https://registry.npmjs.org/nan not in flight; fetching
166 verbose get https://registry.npmjs.org/nan not expired, no request
167 silly addNameRange number 2 { name: 'nan', range: '>=2.4.0 <3.0.0', hasData: true }
168 silly addNameRange versions [ 'nan',
168 silly addNameRange   [ '0.3.0-wip',
168 silly addNameRange     '0.3.0-wip2',
168 silly addNameRange     '0.3.0',
168 silly addNameRange     '0.3.1',
168 silly addNameRange     '0.3.2',
168 silly addNameRange     '0.4.0',
168 silly addNameRange     '0.4.1',
168 silly addNameRange     '0.4.2',
168 silly addNameRange     '0.4.3',
168 silly addNameRange     '0.4.4',
168 silly addNameRange     '0.5.0',
168 silly addNameRange     '0.5.1',
168 silly addNameRange     '0.5.2',
168 silly addNameRange     '0.6.0',
168 silly addNameRange     '0.7.0',
168 silly addNameRange     '0.7.1',
168 silly addNameRange     '0.8.0',
168 silly addNameRange     '1.0.0',
168 silly addNameRange     '1.1.0',
168 silly addNameRange     '1.1.1',
168 silly addNameRange     '1.1.2',
168 silly addNameRange     '1.2.0',
168 silly addNameRange     '1.3.0',
168 silly addNameRange     '1.4.0',
168 silly addNameRange     '1.4.1',
168 silly addNameRange     '1.5.0',
168 silly addNameRange     '1.4.2',
168 silly addNameRange     '1.4.3',
168 silly addNameRange     '1.5.1',
168 silly addNameRange     '1.5.2',
168 silly addNameRange     '1.6.0',
168 silly addNameRange     '1.5.3',
168 silly addNameRange     '1.6.1',
168 silly addNameRange     '1.6.2',
168 silly addNameRange     '1.7.0',
168 silly addNameRange     '1.8.0',
168 silly addNameRange     '1.8.1',
168 silly addNameRange     '1.8.2',
168 silly addNameRange     '1.8.3',
168 silly addNameRange     '1.8.4',
168 silly addNameRange     '1.9.0',
168 silly addNameRange     '2.0.0',
168 silly addNameRange     '2.0.1',
168 silly addNameRange     '2.0.2',
168 silly addNameRange     '2.0.3',
168 silly addNameRange     '2.0.4',
168 silly addNameRange     '2.0.5',
168 silly addNameRange     '2.0.6',
168 silly addNameRange     '2.0.7',
168 silly addNameRange     '2.0.8',
168 silly addNameRange     '2.0.9',
168 silly addNameRange     '2.1.0',
168 silly addNameRange     '2.2.0',
168 silly addNameRange     '2.2.1',
168 silly addNameRange     '2.3.0',
168 silly addNameRange     '2.3.1',
168 silly addNameRange     '2.3.2',
168 silly addNameRange     '2.3.3',
168 silly addNameRange     '2.3.4',
168 silly addNameRange     '2.3.5',
168 silly addNameRange     '2.4.0' ] ]
169 silly addNamed nan@2.4.0
170 verbose addNamed "2.4.0" is a plain semver version for nan
171 silly cache afterAdd nan@2.4.0
172 verbose afterAdd C:\Users\Pavel_Galkin\AppData\Roaming\npm-cache\nan\2.4.0\package\package.json not in flight; writing
173 verbose correctMkdir C:\Users\Pavel_Galkin\AppData\Roaming\npm-cache correctMkdir not in flight; initializing
174 verbose afterAdd C:\Users\Pavel_Galkin\AppData\Roaming\npm-cache\nan\2.4.0\package\package.json written
175 silly fetchNamedPackageData clone
176 silly mapToRegistry name clone
177 silly mapToRegistry using default registry
178 silly mapToRegistry registry https://registry.npmjs.org/
179 silly mapToRegistry data Result {
179 silly mapToRegistry   raw: 'clone',
179 silly mapToRegistry   scope: null,
179 silly mapToRegistry   escapedName: 'clone',
179 silly mapToRegistry   name: 'clone',
179 silly mapToRegistry   rawSpec: '',
179 silly mapToRegistry   spec: 'latest',
179 silly mapToRegistry   type: 'tag' }
180 silly mapToRegistry uri https://registry.npmjs.org/clone
181 silly fetchNamedPackageData color-convert
182 silly mapToRegistry name color-convert
183 silly mapToRegistry using default registry
184 silly mapToRegistry registry https://registry.npmjs.org/
185 silly mapToRegistry data Result {
185 silly mapToRegistry   raw: 'color-convert',
185 silly mapToRegistry   scope: null,
185 silly mapToRegistry   escapedName: 'color-convert',
185 silly mapToRegistry   name: 'color-convert',
185 silly mapToRegistry   rawSpec: '',
185 silly mapToRegistry   spec: 'latest',
185 silly mapToRegistry   type: 'tag' }
186 silly mapToRegistry uri https://registry.npmjs.org/color-convert
187 silly fetchNamedPackageData color-string
188 silly mapToRegistry name color-string
189 silly mapToRegistry using default registry
190 silly mapToRegistry registry https://registry.npmjs.org/
191 silly mapToRegistry data Result {
191 silly mapToRegistry   raw: 'color-string',
191 silly mapToRegistry   scope: null,
191 silly mapToRegistry   escapedName: 'color-string',
191 silly mapToRegistry   name: 'color-string',
191 silly mapToRegistry   rawSpec: '',
191 silly mapToRegistry   spec: 'latest',
191 silly mapToRegistry   type: 'tag' }
192 silly mapToRegistry uri https://registry.npmjs.org/color-string
193 verbose request uri https://registry.npmjs.org/color-convert
194 verbose request no auth needed
195 info attempt registry request try #1 at 1:44:55 PM
196 verbose etag "5MITL66SF4YPVNA59FY90UW2L"
197 http request GET https://registry.npmjs.org/color-convert
198 verbose request uri https://registry.npmjs.org/color-string
199 verbose request no auth needed
200 info attempt registry request try #1 at 1:44:55 PM
201 verbose etag "4LQ4H8ANU0KIESMY9BMG9A0NY"
202 http request GET https://registry.npmjs.org/color-string
203 verbose request uri https://registry.npmjs.org/clone
204 verbose request no auth needed
205 info attempt registry request try #1 at 1:44:55 PM
206 verbose etag "CU3D9OFUZW5Q1Q4K7HB4BXXU6"
207 http request GET https://registry.npmjs.org/clone
208 http 304 https://registry.npmjs.org/color-convert
209 verbose headers { date: 'Mon, 24 Oct 2016 10:44:55 GMT',
209 verbose headers   via: '1.1 varnish',
209 verbose headers   'cache-control': 'max-age=300',
209 verbose headers   etag: '"5MITL66SF4YPVNA59FY90UW2L"',
209 verbose headers   age: '258',
209 verbose headers   connection: 'keep-alive',
209 verbose headers   'x-served-by': 'cache-ams4443-AMS',
209 verbose headers   'x-cache': 'HIT',
209 verbose headers   'x-cache-hits': '3',
209 verbose headers   'x-timer': 'S1477305895.417348,VS0,VE0',
209 verbose headers   vary: 'Accept-Encoding' }
210 silly get cb [ 304,
210 silly get   { date: 'Mon, 24 Oct 2016 10:44:55 GMT',
210 silly get     via: '1.1 varnish',
210 silly get     'cache-control': 'max-age=300',
210 silly get     etag: '"5MITL66SF4YPVNA59FY90UW2L"',
210 silly get     age: '258',
210 silly get     connection: 'keep-alive',
210 silly get     'x-served-by': 'cache-ams4443-AMS',
210 silly get     'x-cache': 'HIT',
210 silly get     'x-cache-hits': '3',
210 silly get     'x-timer': 'S1477305895.417348,VS0,VE0',
210 silly get     vary: 'Accept-Encoding' } ]
211 verbose etag https://registry.npmjs.org/color-convert from cache
212 verbose get saving color-convert to C:\Users\Pavel_Galkin\AppData\Roaming\npm-cache\registry.npmjs.org\color-convert\.cache.json
213 verbose correctMkdir C:\Users\Pavel_Galkin\AppData\Roaming\npm-cache correctMkdir not in flight; initializing
214 http 304 https://registry.npmjs.org/color-string
215 verbose headers { date: 'Mon, 24 Oct 2016 10:44:55 GMT',
215 verbose headers   via: '1.1 varnish',
215 verbose headers   'cache-control': 'max-age=300',
215 verbose headers   etag: '"4LQ4H8ANU0KIESMY9BMG9A0NY"',
215 verbose headers   age: '38',
215 verbose headers   connection: 'keep-alive',
215 verbose headers   'x-served-by': 'cache-ams4444-AMS',
215 verbose headers   'x-cache': 'HIT',
215 verbose headers   'x-cache-hits': '1',
215 verbose headers   'x-timer': 'S1477305895.421044,VS0,VE0',
215 verbose headers   vary: 'Accept-Encoding' }
216 silly get cb [ 304,
216 silly get   { date: 'Mon, 24 Oct 2016 10:44:55 GMT',
216 silly get     via: '1.1 varnish',
216 silly get     'cache-control': 'max-age=300',
216 silly get     etag: '"4LQ4H8ANU0KIESMY9BMG9A0NY"',
216 silly get     age: '38',
216 silly get     connection: 'keep-alive',
216 silly get     'x-served-by': 'cache-ams4444-AMS',
216 silly get     'x-cache': 'HIT',
216 silly get     'x-cache-hits': '1',
216 silly get     'x-timer': 'S1477305895.421044,VS0,VE0',
216 silly get     vary: 'Accept-Encoding' } ]
217 verbose etag https://registry.npmjs.org/color-string from cache
218 verbose get saving color-string to C:\Users\Pavel_Galkin\AppData\Roaming\npm-cache\registry.npmjs.org\color-string\.cache.json
219 verbose correctMkdir C:\Users\Pavel_Galkin\AppData\Roaming\npm-cache correctMkdir not in flight; initializing
220 http 304 https://registry.npmjs.org/clone
221 verbose headers { date: 'Mon, 24 Oct 2016 10:44:55 GMT',
221 verbose headers   via: '1.1 varnish',
221 verbose headers   'cache-control': 'max-age=300',
221 verbose headers   etag: '"CU3D9OFUZW5Q1Q4K7HB4BXXU6"',
221 verbose headers   age: '199',
221 verbose headers   connection: 'keep-alive',
221 verbose headers   'x-served-by': 'cache-ams4426-AMS',
221 verbose headers   'x-cache': 'HIT',
221 verbose headers   'x-cache-hits': '5',
221 verbose headers   'x-timer': 'S1477305895.418615,VS0,VE0',
221 verbose headers   vary: 'Accept-Encoding' }
222 silly get cb [ 304,
222 silly get   { date: 'Mon, 24 Oct 2016 10:44:55 GMT',
222 silly get     via: '1.1 varnish',
222 silly get     'cache-control': 'max-age=300',
222 silly get     etag: '"CU3D9OFUZW5Q1Q4K7HB4BXXU6"',
222 silly get     age: '199',
222 silly get     connection: 'keep-alive',
222 silly get     'x-served-by': 'cache-ams4426-AMS',
222 silly get     'x-cache': 'HIT',
222 silly get     'x-cache-hits': '5',
222 silly get     'x-timer': 'S1477305895.418615,VS0,VE0',
222 silly get     vary: 'Accept-Encoding' } ]
223 verbose etag https://registry.npmjs.org/clone from cache
224 verbose get saving clone to C:\Users\Pavel_Galkin\AppData\Roaming\npm-cache\registry.npmjs.org\clone\.cache.json
225 verbose correctMkdir C:\Users\Pavel_Galkin\AppData\Roaming\npm-cache correctMkdir not in flight; initializing
226 silly resolveWithNewModule color-convert@1.5.0 checking installable status
227 silly cache add args [ 'color-convert@^1.3.0', null ]
228 verbose cache add spec color-convert@^1.3.0
229 silly cache add parsed spec Result {
229 silly cache add   raw: 'color-convert@^1.3.0',
229 silly cache add   scope: null,
229 silly cache add   escapedName: 'color-convert',
229 silly cache add   name: 'color-convert',
229 silly cache add   rawSpec: '^1.3.0',
229 silly cache add   spec: '>=1.3.0 <2.0.0',
229 silly cache add   type: 'range' }
230 silly addNamed color-convert@>=1.3.0 <2.0.0
231 verbose addNamed ">=1.3.0 <2.0.0" is a valid semver range for color-convert
232 silly addNameRange { name: 'color-convert',
232 silly addNameRange   range: '>=1.3.0 <2.0.0',
232 silly addNameRange   hasData: false }
233 silly mapToRegistry name color-convert
234 silly mapToRegistry using default registry
235 silly mapToRegistry registry https://registry.npmjs.org/
236 silly mapToRegistry data Result {
236 silly mapToRegistry   raw: 'color-convert',
236 silly mapToRegistry   scope: null,
236 silly mapToRegistry   escapedName: 'color-convert',
236 silly mapToRegistry   name: 'color-convert',
236 silly mapToRegistry   rawSpec: '',
236 silly mapToRegistry   spec: 'latest',
236 silly mapToRegistry   type: 'tag' }
237 silly mapToRegistry uri https://registry.npmjs.org/color-convert
238 verbose addNameRange registry:https://registry.npmjs.org/color-convert not in flight; fetching
239 silly resolveWithNewModule color-string@0.3.0 checking installable status
240 silly cache add args [ 'color-string@^0.3.0', null ]
241 verbose cache add spec color-string@^0.3.0
242 silly cache add parsed spec Result {
242 silly cache add   raw: 'color-string@^0.3.0',
242 silly cache add   scope: null,
242 silly cache add   escapedName: 'color-string',
242 silly cache add   name: 'color-string',
242 silly cache add   rawSpec: '^0.3.0',
242 silly cache add   spec: '>=0.3.0 <0.4.0',
242 silly cache add   type: 'range' }
243 silly addNamed color-string@>=0.3.0 <0.4.0
244 verbose addNamed ">=0.3.0 <0.4.0" is a valid semver range for color-string
245 silly addNameRange { name: 'color-string', range: '>=0.3.0 <0.4.0', hasData: false }
246 silly mapToRegistry name color-string
247 silly mapToRegistry using default registry
248 silly mapToRegistry registry https://registry.npmjs.org/
249 silly mapToRegistry data Result {
249 silly mapToRegistry   raw: 'color-string',
249 silly mapToRegistry   scope: null,
249 silly mapToRegistry   escapedName: 'color-string',
249 silly mapToRegistry   name: 'color-string',
249 silly mapToRegistry   rawSpec: '',
249 silly mapToRegistry   spec: 'latest',
249 silly mapToRegistry   type: 'tag' }
250 silly mapToRegistry uri https://registry.npmjs.org/color-string
251 verbose addNameRange registry:https://registry.npmjs.org/color-string not in flight; fetching
252 silly resolveWithNewModule clone@1.0.2 checking installable status
253 silly cache add args [ 'clone@^1.0.2', null ]
254 verbose cache add spec clone@^1.0.2
255 silly cache add parsed spec Result {
255 silly cache add   raw: 'clone@^1.0.2',
255 silly cache add   scope: null,
255 silly cache add   escapedName: 'clone',
255 silly cache add   name: 'clone',
255 silly cache add   rawSpec: '^1.0.2',
255 silly cache add   spec: '>=1.0.2 <2.0.0',
255 silly cache add   type: 'range' }
256 silly addNamed clone@>=1.0.2 <2.0.0
257 verbose addNamed ">=1.0.2 <2.0.0" is a valid semver range for clone
258 silly addNameRange { name: 'clone', range: '>=1.0.2 <2.0.0', hasData: false }
259 silly mapToRegistry name clone
260 silly mapToRegistry using default registry
261 silly mapToRegistry registry https://registry.npmjs.org/
262 silly mapToRegistry data Result {
262 silly mapToRegistry   raw: 'clone',
262 silly mapToRegistry   scope: null,
262 silly mapToRegistry   escapedName: 'clone',
262 silly mapToRegistry   name: 'clone',
262 silly mapToRegistry   rawSpec: '',
262 silly mapToRegistry   spec: 'latest',
262 silly mapToRegistry   type: 'tag' }
263 silly mapToRegistry uri https://registry.npmjs.org/clone
264 verbose addNameRange registry:https://registry.npmjs.org/clone not in flight; fetching
265 verbose get https://registry.npmjs.org/color-convert not expired, no request
266 silly addNameRange number 2 { name: 'color-convert', range: '>=1.3.0 <2.0.0', hasData: true }
267 silly addNameRange versions [ 'color-convert',
267 silly addNameRange   [ '0.1.0',
267 silly addNameRange     '0.2.0',
267 silly addNameRange     '0.2.1',
267 silly addNameRange     '0.3.0',
267 silly addNameRange     '0.3.1',
267 silly addNameRange     '0.3.4',
267 silly addNameRange     '0.4.0',
267 silly addNameRange     '0.5.0',
267 silly addNameRange     '0.5.1',
267 silly addNameRange     '0.5.2',
267 silly addNameRange     '0.5.3',
267 silly addNameRange     '0.6.0',
267 silly addNameRange     '0.7.0',
267 silly addNameRange     '1.0.0',
267 silly addNameRange     '1.1.0',
267 silly addNameRange     '1.1.1',
267 silly addNameRange     '1.1.2',
267 silly addNameRange     '1.2.0',
267 silly addNameRange     '1.2.1',
267 silly addNameRange     '1.2.2',
267 silly addNameRange     '1.3.0',
267 silly addNameRange     '1.3.1',
267 silly addNameRange     '1.4.0',
267 silly addNameRange     '1.5.0' ] ]
268 silly addNamed color-convert@1.5.0
269 verbose addNamed "1.5.0" is a plain semver version for color-convert
270 verbose get https://registry.npmjs.org/color-string not expired, no request
271 silly addNameRange number 2 { name: 'color-string', range: '>=0.3.0 <0.4.0', hasData: true }
272 silly addNameRange versions [ 'color-string',
272 silly addNameRange   [ '0.1.0',
272 silly addNameRange     '0.1.1',
272 silly addNameRange     '0.1.2',
272 silly addNameRange     '0.1.3',
272 silly addNameRange     '0.2.0',
272 silly addNameRange     '0.2.1',
272 silly addNameRange     '0.2.2',
272 silly addNameRange     '0.2.3',
272 silly addNameRange     '0.2.4',
272 silly addNameRange     '0.3.0',
272 silly addNameRange     '0.4.0',
272 silly addNameRange     '1.0.0',
272 silly addNameRange     '1.0.1',
272 silly addNameRange     '1.1.0',
272 silly addNameRange     '1.1.1',
272 silly addNameRange     '1.2.0' ] ]
273 silly addNamed color-string@0.3.0
274 verbose addNamed "0.3.0" is a plain semver version for color-string
275 verbose get https://registry.npmjs.org/clone not expired, no request
276 silly addNameRange number 2 { name: 'clone', range: '>=1.0.2 <2.0.0', hasData: true }
277 silly addNameRange versions [ 'clone',
277 silly addNameRange   [ '0.0.0',
277 silly addNameRange     '0.0.1',
277 silly addNameRange     '0.0.2',
277 silly addNameRange     '0.0.3',
277 silly addNameRange     '0.0.4',
277 silly addNameRange     '0.0.5',
277 silly addNameRange     '0.0.6',
277 silly addNameRange     '0.0.7',
277 silly addNameRange     '0.1.0',
277 silly addNameRange     '0.1.1',
277 silly addNameRange     '0.1.2',
277 silly addNameRange     '0.1.3',
277 silly addNameRange     '0.1.4',
277 silly addNameRange     '0.1.5',
277 silly addNameRange     '0.1.6',
277 silly addNameRange     '0.1.7',
277 silly addNameRange     '0.1.8',
277 silly addNameRange     '0.1.9',
277 silly addNameRange     '0.1.10',
277 silly addNameRange     '0.1.11',
277 silly addNameRange     '0.1.12',
277 silly addNameRange     '0.1.13',
277 silly addNameRange     '0.1.14',
277 silly addNameRange     '0.1.15',
277 silly addNameRange     '0.1.16',
277 silly addNameRange     '0.1.17',
277 silly addNameRange     '0.1.18',
277 silly addNameRange     '0.2.0',
277 silly addNameRange     '0.1.19',
277 silly addNameRange     '1.0.0',
277 silly addNameRange     '1.0.1',
277 silly addNameRange     '1.0.2',
277 silly addNameRange     '2.0.0' ] ]
278 silly addNamed clone@1.0.2
279 verbose addNamed "1.0.2" is a plain semver version for clone
280 silly cache afterAdd color-string@0.3.0
281 verbose afterAdd C:\Users\Pavel_Galkin\AppData\Roaming\npm-cache\color-string\0.3.0\package\package.json not in flight; writing
282 verbose correctMkdir C:\Users\Pavel_Galkin\AppData\Roaming\npm-cache correctMkdir not in flight; initializing
283 silly cache afterAdd color-convert@1.5.0
284 verbose afterAdd C:\Users\Pavel_Galkin\AppData\Roaming\npm-cache\color-convert\1.5.0\package\package.json not in flight; writing
285 verbose correctMkdir C:\Users\Pavel_Galkin\AppData\Roaming\npm-cache correctMkdir not in flight; initializing
286 silly cache afterAdd clone@1.0.2
287 verbose afterAdd C:\Users\Pavel_Galkin\AppData\Roaming\npm-cache\clone\1.0.2\package\package.json not in flight; writing
288 verbose correctMkdir C:\Users\Pavel_Galkin\AppData\Roaming\npm-cache correctMkdir not in flight; initializing
289 verbose afterAdd C:\Users\Pavel_Galkin\AppData\Roaming\npm-cache\color-string\0.3.0\package\package.json written
290 verbose afterAdd C:\Users\Pavel_Galkin\AppData\Roaming\npm-cache\color-convert\1.5.0\package\package.json written
291 verbose afterAdd C:\Users\Pavel_Galkin\AppData\Roaming\npm-cache\clone\1.0.2\package\package.json written
292 silly fetchNamedPackageData color-name
293 silly mapToRegistry name color-name
294 silly mapToRegistry using default registry
295 silly mapToRegistry registry https://registry.npmjs.org/
296 silly mapToRegistry data Result {
296 silly mapToRegistry   raw: 'color-name',
296 silly mapToRegistry   scope: null,
296 silly mapToRegistry   escapedName: 'color-name',
296 silly mapToRegistry   name: 'color-name',
296 silly mapToRegistry   rawSpec: '',
296 silly mapToRegistry   spec: 'latest',
296 silly mapToRegistry   type: 'tag' }
297 silly mapToRegistry uri https://registry.npmjs.org/color-name
298 verbose request uri https://registry.npmjs.org/color-name
299 verbose request no auth needed
300 info attempt registry request try #1 at 1:44:55 PM
301 verbose etag "9XAYPUAP978784IWZSSO4BOH6"
302 http request GET https://registry.npmjs.org/color-name
303 http 304 https://registry.npmjs.org/color-name
304 verbose headers { date: 'Mon, 24 Oct 2016 10:44:55 GMT',
304 verbose headers   via: '1.1 varnish',
304 verbose headers   'cache-control': 'max-age=300',
304 verbose headers   etag: '"9XAYPUAP978784IWZSSO4BOH6"',
304 verbose headers   age: '276',
304 verbose headers   connection: 'keep-alive',
304 verbose headers   'x-served-by': 'cache-ams4443-AMS',
304 verbose headers   'x-cache': 'HIT',
304 verbose headers   'x-cache-hits': '2',
304 verbose headers   'x-timer': 'S1477305895.554161,VS0,VE0',
304 verbose headers   vary: 'Accept-Encoding' }
305 silly get cb [ 304,
305 silly get   { date: 'Mon, 24 Oct 2016 10:44:55 GMT',
305 silly get     via: '1.1 varnish',
305 silly get     'cache-control': 'max-age=300',
305 silly get     etag: '"9XAYPUAP978784IWZSSO4BOH6"',
305 silly get     age: '276',
305 silly get     connection: 'keep-alive',
305 silly get     'x-served-by': 'cache-ams4443-AMS',
305 silly get     'x-cache': 'HIT',
305 silly get     'x-cache-hits': '2',
305 silly get     'x-timer': 'S1477305895.554161,VS0,VE0',
305 silly get     vary: 'Accept-Encoding' } ]
306 verbose etag https://registry.npmjs.org/color-name from cache
307 verbose get saving color-name to C:\Users\Pavel_Galkin\AppData\Roaming\npm-cache\registry.npmjs.org\color-name\.cache.json
308 verbose correctMkdir C:\Users\Pavel_Galkin\AppData\Roaming\npm-cache correctMkdir not in flight; initializing
309 silly resolveWithNewModule color-name@1.1.1 checking installable status
310 silly cache add args [ 'color-name@^1.0.0', null ]
311 verbose cache add spec color-name@^1.0.0
312 silly cache add parsed spec Result {
312 silly cache add   raw: 'color-name@^1.0.0',
312 silly cache add   scope: null,
312 silly cache add   escapedName: 'color-name',
312 silly cache add   name: 'color-name',
312 silly cache add   rawSpec: '^1.0.0',
312 silly cache add   spec: '>=1.0.0 <2.0.0',
312 silly cache add   type: 'range' }
313 silly addNamed color-name@>=1.0.0 <2.0.0
314 verbose addNamed ">=1.0.0 <2.0.0" is a valid semver range for color-name
315 silly addNameRange { name: 'color-name', range: '>=1.0.0 <2.0.0', hasData: false }
316 silly mapToRegistry name color-name
317 silly mapToRegistry using default registry
318 silly mapToRegistry registry https://registry.npmjs.org/
319 silly mapToRegistry data Result {
319 silly mapToRegistry   raw: 'color-name',
319 silly mapToRegistry   scope: null,
319 silly mapToRegistry   escapedName: 'color-name',
319 silly mapToRegistry   name: 'color-name',
319 silly mapToRegistry   rawSpec: '',
319 silly mapToRegistry   spec: 'latest',
319 silly mapToRegistry   type: 'tag' }
320 silly mapToRegistry uri https://registry.npmjs.org/color-name
321 verbose addNameRange registry:https://registry.npmjs.org/color-name not in flight; fetching
322 verbose get https://registry.npmjs.org/color-name not expired, no request
323 silly addNameRange number 2 { name: 'color-name', range: '>=1.0.0 <2.0.0', hasData: true }
324 silly addNameRange versions [ 'color-name',
324 silly addNameRange   [ '0.0.1', '0.0.2', '1.0.0', '1.0.1', '1.1.0', '1.1.1' ] ]
325 silly addNamed color-name@1.1.1
326 verbose addNamed "1.1.1" is a plain semver version for color-name
327 silly cache afterAdd color-name@1.1.1
328 verbose afterAdd C:\Users\Pavel_Galkin\AppData\Roaming\npm-cache\color-name\1.1.1\package\package.json not in flight; writing
329 verbose correctMkdir C:\Users\Pavel_Galkin\AppData\Roaming\npm-cache correctMkdir not in flight; initializing
330 verbose afterAdd C:\Users\Pavel_Galkin\AppData\Roaming\npm-cache\color-name\1.1.1\package\package.json written
331 silly loadAllDepsIntoIdealTree Finishing
332 silly loadIdealTree Finishing
333 silly currentTree kraska@1.0.0
333 silly currentTree +-- abbrev@1.0.9
333 silly currentTree +-- accepts@1.3.3
333 silly currentTree +-- ansi-regex@2.0.0
333 silly currentTree +-- ansi-styles@2.2.1
333 silly currentTree +-- any-promise@1.3.0
333 silly currentTree +-- aproba@1.0.4
333 silly currentTree +-- are-we-there-yet@1.1.2
333 silly currentTree +-- array-flatten@1.1.1
333 silly currentTree +-- array-index@1.0.0
333 silly currentTree +-- asn1@0.2.3
333 silly currentTree +-- assert-plus@0.2.0
333 silly currentTree +-- asynckit@0.4.0
333 silly currentTree +-- aws-sign2@0.6.0
333 silly currentTree +-- aws4@1.5.0
333 silly currentTree +-- balanced-match@0.4.2
333 silly currentTree +-- bcrypt-pbkdf@1.0.0
333 silly currentTree +-- bl@1.1.2
333 silly currentTree | `-- readable-stream@2.0.6
333 silly currentTree +-- block-stream@0.0.9
333 silly currentTree +-- body-parser@1.15.2
333 silly currentTree +-- boom@2.10.1
333 silly currentTree +-- brace-expansion@1.1.6
333 silly currentTree +-- buffer-shims@1.0.0
333 silly currentTree +-- bytes@2.4.0
333 silly currentTree +-- caseless@0.11.0
333 silly currentTree +-- chalk@1.1.3
333 silly currentTree +-- code-point-at@1.0.1
333 silly currentTree +-- colors@1.1.2
333 silly currentTree +-- combined-stream@1.0.5
333 silly currentTree +-- commander@2.9.0
333 silly currentTree +-- concat-map@0.0.1
333 silly currentTree +-- console-control-strings@1.1.0
333 silly currentTree +-- content-disposition@0.5.1
333 silly currentTree +-- content-type@1.0.2
333 silly currentTree +-- cookie-signature@1.0.6
333 silly currentTree +-- cookie@0.3.1
333 silly currentTree +-- core-util-is@1.0.2
333 silly currentTree +-- cryptiles@2.0.5
333 silly currentTree +-- d@0.1.1
333 silly currentTree +-- dashdash@1.14.0
333 silly currentTree | `-- assert-plus@1.0.0
333 silly currentTree +-- debug@2.2.0
333 silly currentTree +-- delayed-stream@1.0.0
333 silly currentTree +-- delegates@1.0.0
333 silly currentTree +-- depd@1.1.0
333 silly currentTree +-- destroy@1.0.4
333 silly currentTree +-- easyimage@2.1.0
333 silly currentTree +-- ecc-jsbn@0.1.1
333 silly currentTree +-- ee-first@1.1.1
333 silly currentTree +-- encodeurl@1.0.1
333 silly currentTree +-- es5-ext@0.10.12
333 silly currentTree +-- es6-iterator@2.0.0
333 silly currentTree +-- es6-symbol@3.1.0
333 silly currentTree +-- escape-html@1.0.3
333 silly currentTree +-- escape-string-regexp@1.0.5
333 silly currentTree +-- etag@1.7.0
333 silly currentTree +-- express@4.14.0
333 silly currentTree +-- extend@3.0.0
333 silly currentTree +-- extsprintf@1.0.2
333 silly currentTree +-- finalhandler@0.5.0
333 silly currentTree +-- forever-agent@0.6.1
333 silly currentTree +-- form-data@2.0.0
333 silly currentTree +-- forwarded@0.1.0
333 silly currentTree +-- fresh@0.3.0
333 silly currentTree +-- fs.realpath@1.0.0
333 silly currentTree +-- fstream@1.0.10
333 silly currentTree +-- gauge@2.6.0
333 silly currentTree +-- generate-function@2.0.0
333 silly currentTree +-- generate-object-property@1.2.0
333 silly currentTree +-- getpass@0.1.6
333 silly currentTree | `-- assert-plus@1.0.0
333 silly currentTree +-- glob@7.1.1
333 silly currentTree +-- graceful-fs@4.1.9
333 silly currentTree +-- graceful-readlink@1.0.1
333 silly currentTree +-- har-validator@2.0.6
333 silly currentTree +-- has-ansi@2.0.0
333 silly currentTree +-- has-color@0.1.7
333 silly currentTree +-- has-unicode@2.0.1
333 silly currentTree +-- hawk@3.1.3
333 silly currentTree +-- hoek@2.16.3
333 silly currentTree +-- http-errors@1.5.0
333 silly currentTree +-- http-signature@1.1.1
333 silly currentTree +-- iconv-lite@0.4.13
333 silly currentTree +-- imagemagick@0.1.3
333 silly currentTree +-- inflight@1.0.6
333 silly currentTree +-- inherits@2.0.1
333 silly currentTree +-- ipaddr.js@1.1.1
333 silly currentTree +-- is-fullwidth-code-point@1.0.0
333 silly currentTree +-- is-my-json-valid@2.15.0
333 silly currentTree +-- is-property@1.0.2
333 silly currentTree +-- is-typedarray@1.0.0
333 silly currentTree +-- isarray@1.0.0
333 silly currentTree +-- isexe@1.1.2
333 silly currentTree +-- isstream@0.1.2
333 silly currentTree +-- jodid25519@1.0.2
333 silly currentTree +-- jsbn@0.1.0
333 silly currentTree +-- json-schema@0.2.3
333 silly currentTree +-- json-stringify-safe@5.0.1
333 silly currentTree +-- jsonpointer@4.0.0
333 silly currentTree +-- jsprim@1.3.1
333 silly currentTree +-- media-typer@0.3.0
333 silly currentTree +-- merge-descriptors@1.0.1
333 silly currentTree +-- methods@1.1.2
333 silly currentTree +-- mime-db@1.24.0
333 silly currentTree +-- mime-types@2.1.12
333 silly currentTree +-- mime@1.3.4
333 silly currentTree +-- minimatch@3.0.3
333 silly currentTree +-- minimist@0.0.8
333 silly currentTree +-- mkdirp@0.5.1
333 silly currentTree +-- ms@0.7.1
333 silly currentTree +-- mz@2.4.0
333 silly currentTree +-- negotiator@0.6.1
333 silly currentTree +-- node-gyp@3.4.0
333 silly currentTree +-- node-uuid@1.4.7
333 silly currentTree +-- nopt@3.0.6
333 silly currentTree +-- npmlog@3.1.2
333 silly currentTree +-- number-is-nan@1.0.1
333 silly currentTree +-- oauth-sign@0.8.2
333 silly currentTree +-- object-assign@4.1.0
333 silly currentTree +-- on-finished@2.3.0
333 silly currentTree +-- once@1.4.0
333 silly currentTree +-- os-homedir@1.0.2
333 silly currentTree +-- os-tmpdir@1.0.2
333 silly currentTree +-- osenv@0.1.3
333 silly currentTree +-- parseurl@1.3.1
333 silly currentTree +-- path-array@1.0.1
333 silly currentTree +-- path-is-absolute@1.0.1
333 silly currentTree +-- path-to-regexp@0.1.7
333 silly currentTree +-- pinkie-promise@2.0.1
333 silly currentTree +-- pinkie@2.0.4
333 silly currentTree +-- process-nextick-args@1.0.7
333 silly currentTree +-- proxy-addr@1.1.2
333 silly currentTree +-- q@1.4.1
333 silly currentTree +-- qs@6.2.0
333 silly currentTree +-- quickthumb@0.0.12
333 silly currentTree | `-- mkdirp@0.3.5
333 silly currentTree +-- range-parser@1.2.0
333 silly currentTree +-- raw-body@2.1.7
333 silly currentTree +-- readable-stream@2.1.5
333 silly currentTree +-- request@2.75.0
333 silly currentTree +-- rimraf@2.5.4
333 silly currentTree +-- semver@5.3.0
333 silly currentTree +-- send@0.14.1
333 silly currentTree +-- serve-static@1.11.1
333 silly currentTree +-- set-blocking@2.0.0
333 silly currentTree +-- setprototypeof@1.0.1
333 silly currentTree +-- signal-exit@3.0.1
333 silly currentTree +-- sntp@1.0.9
333 silly currentTree +-- sshpk@1.10.1
333 silly currentTree | `-- assert-plus@1.0.0
333 silly currentTree +-- statuses@1.3.0
333 silly currentTree +-- string_decoder@0.10.31
333 silly currentTree +-- string-width@1.0.2
333 silly currentTree +-- stringstream@0.0.5
333 silly currentTree +-- strip-ansi@3.0.1
333 silly currentTree +-- supports-color@2.0.0
333 silly currentTree +-- tar@2.2.1
333 silly currentTree +-- thenify-all@1.6.0
333 silly currentTree +-- thenify@3.2.1
333 silly currentTree +-- tough-cookie@2.3.1
333 silly currentTree +-- tunnel-agent@0.4.3
333 silly currentTree +-- tweetnacl@0.14.3
333 silly currentTree +-- type-is@1.6.13
333 silly currentTree +-- unpipe@1.0.0
333 silly currentTree +-- util-deprecate@1.0.2
333 silly currentTree +-- utils-merge@1.0.0
333 silly currentTree +-- vary@1.1.0
333 silly currentTree +-- verror@1.3.6
333 silly currentTree +-- which@1.2.11
333 silly currentTree +-- wide-align@1.1.0
333 silly currentTree +-- wrappy@1.0.2
333 silly currentTree `-- xtend@4.0.1
334 silly idealTree kraska@1.0.0
334 silly idealTree +-- abbrev@1.0.9
334 silly idealTree +-- accepts@1.3.3
334 silly idealTree +-- ansi-regex@2.0.0
334 silly idealTree +-- ansi-styles@2.2.1
334 silly idealTree +-- any-promise@1.3.0
334 silly idealTree +-- aproba@1.0.4
334 silly idealTree +-- are-we-there-yet@1.1.2
334 silly idealTree +-- array-flatten@1.1.1
334 silly idealTree +-- array-index@1.0.0
334 silly idealTree +-- asn1@0.2.3
334 silly idealTree +-- assert-plus@0.2.0
334 silly idealTree +-- asynckit@0.4.0
334 silly idealTree +-- aws-sign2@0.6.0
334 silly idealTree +-- aws4@1.5.0
334 silly idealTree +-- balanced-match@0.4.2
334 silly idealTree +-- bcrypt-pbkdf@1.0.0
334 silly idealTree +-- bl@1.1.2
334 silly idealTree | `-- readable-stream@2.0.6
334 silly idealTree +-- block-stream@0.0.9
334 silly idealTree +-- bluebird@3.4.6
334 silly idealTree +-- body-parser@1.15.2
334 silly idealTree +-- boom@2.10.1
334 silly idealTree +-- brace-expansion@1.1.6
334 silly idealTree +-- buffer-shims@1.0.0
334 silly idealTree +-- bytes@2.4.0
334 silly idealTree +-- caseless@0.11.0
334 silly idealTree +-- chalk@1.1.3
334 silly idealTree +-- clone@1.0.2
334 silly idealTree +-- code-point-at@1.0.1
334 silly idealTree +-- color-convert@1.5.0
334 silly idealTree +-- color-name@1.1.1
334 silly idealTree +-- color-string@0.3.0
334 silly idealTree +-- color@0.11.3
334 silly idealTree +-- colors@1.1.2
334 silly idealTree +-- combined-stream@1.0.5
334 silly idealTree +-- commander@2.9.0
334 silly idealTree +-- concat-map@0.0.1
334 silly idealTree +-- console-control-strings@1.1.0
334 silly idealTree +-- content-disposition@0.5.1
334 silly idealTree +-- content-type@1.0.2
334 silly idealTree +-- cookie-signature@1.0.6
334 silly idealTree +-- cookie@0.3.1
334 silly idealTree +-- core-util-is@1.0.2
334 silly idealTree +-- cryptiles@2.0.5
334 silly idealTree +-- d@0.1.1
334 silly idealTree +-- dashdash@1.14.0
334 silly idealTree | `-- assert-plus@1.0.0
334 silly idealTree +-- debug@2.2.0
334 silly idealTree +-- delayed-stream@1.0.0
334 silly idealTree +-- delegates@1.0.0
334 silly idealTree +-- depd@1.1.0
334 silly idealTree +-- destroy@1.0.4
334 silly idealTree +-- easyimage@2.1.0
334 silly idealTree +-- ecc-jsbn@0.1.1
334 silly idealTree +-- ee-first@1.1.1
334 silly idealTree +-- encodeurl@1.0.1
334 silly idealTree +-- es5-ext@0.10.12
334 silly idealTree +-- es6-iterator@2.0.0
334 silly idealTree +-- es6-symbol@3.1.0
334 silly idealTree +-- escape-html@1.0.3
334 silly idealTree +-- escape-string-regexp@1.0.5
334 silly idealTree +-- etag@1.7.0
334 silly idealTree +-- express@4.14.0
334 silly idealTree +-- extend@3.0.0
334 silly idealTree +-- extsprintf@1.0.2
334 silly idealTree +-- finalhandler@0.5.0
334 silly idealTree +-- forever-agent@0.6.1
334 silly idealTree +-- form-data@2.0.0
334 silly idealTree +-- forwarded@0.1.0
334 silly idealTree +-- fresh@0.3.0
334 silly idealTree +-- fs.realpath@1.0.0
334 silly idealTree +-- fstream@1.0.10
334 silly idealTree +-- gauge@2.6.0
334 silly idealTree +-- generate-function@2.0.0
334 silly idealTree +-- generate-object-property@1.2.0
334 silly idealTree +-- getpass@0.1.6
334 silly idealTree | `-- assert-plus@1.0.0
334 silly idealTree +-- glob@7.1.1
334 silly idealTree +-- graceful-fs@4.1.9
334 silly idealTree +-- graceful-readlink@1.0.1
334 silly idealTree +-- har-validator@2.0.6
334 silly idealTree +-- has-ansi@2.0.0
334 silly idealTree +-- has-color@0.1.7
334 silly idealTree +-- has-unicode@2.0.1
334 silly idealTree +-- hawk@3.1.3
334 silly idealTree +-- hoek@2.16.3
334 silly idealTree +-- http-errors@1.5.0
334 silly idealTree +-- http-signature@1.1.1
334 silly idealTree +-- iconv-lite@0.4.13
334 silly idealTree +-- imagemagick@0.1.3
334 silly idealTree +-- inflight@1.0.6
334 silly idealTree +-- inherits@2.0.1
334 silly idealTree +-- ipaddr.js@1.1.1
334 silly idealTree +-- is-fullwidth-code-point@1.0.0
334 silly idealTree +-- is-my-json-valid@2.15.0
334 silly idealTree +-- is-property@1.0.2
334 silly idealTree +-- is-typedarray@1.0.0
334 silly idealTree +-- isarray@1.0.0
334 silly idealTree +-- isexe@1.1.2
334 silly idealTree +-- isstream@0.1.2
334 silly idealTree +-- jodid25519@1.0.2
334 silly idealTree +-- jsbn@0.1.0
334 silly idealTree +-- json-schema@0.2.3
334 silly idealTree +-- json-stringify-safe@5.0.1
334 silly idealTree +-- jsonpointer@4.0.0
334 silly idealTree +-- jsprim@1.3.1
334 silly idealTree +-- media-typer@0.3.0
334 silly idealTree +-- merge-descriptors@1.0.1
334 silly idealTree +-- methods@1.1.2
334 silly idealTree +-- mime-db@1.24.0
334 silly idealTree +-- mime-types@2.1.12
334 silly idealTree +-- mime@1.3.4
334 silly idealTree +-- minimatch@3.0.3
334 silly idealTree +-- minimist@0.0.8
334 silly idealTree +-- mkdirp@0.5.1
334 silly idealTree +-- ms@0.7.1
334 silly idealTree +-- mz@2.4.0
334 silly idealTree +-- nan@2.4.0
334 silly idealTree +-- negotiator@0.6.1
334 silly idealTree +-- node-gyp@3.4.0
334 silly idealTree +-- node-uuid@1.4.7
334 silly idealTree +-- nopt@3.0.6
334 silly idealTree +-- npmlog@3.1.2
334 silly idealTree +-- number-is-nan@1.0.1
334 silly idealTree +-- oauth-sign@0.8.2
334 silly idealTree +-- object-assign@4.1.0
334 silly idealTree +-- on-finished@2.3.0
334 silly idealTree +-- once@1.4.0
334 silly idealTree +-- os-homedir@1.0.2
334 silly idealTree +-- os-tmpdir@1.0.2
334 silly idealTree +-- osenv@0.1.3
334 silly idealTree +-- parseurl@1.3.1
334 silly idealTree +-- path-array@1.0.1
334 silly idealTree +-- path-is-absolute@1.0.1
334 silly idealTree +-- path-to-regexp@0.1.7
334 silly idealTree +-- pinkie-promise@2.0.1
334 silly idealTree +-- pinkie@2.0.4
334 silly idealTree +-- process-nextick-args@1.0.7
334 silly idealTree +-- proxy-addr@1.1.2
334 silly idealTree +-- q@1.4.1
334 silly idealTree +-- qs@6.2.0
334 silly idealTree +-- quickthumb@0.0.12
334 silly idealTree | `-- mkdirp@0.3.5
334 silly idealTree +-- range-parser@1.2.0
334 silly idealTree +-- raw-body@2.1.7
334 silly idealTree +-- readable-stream@2.1.5
334 silly idealTree +-- request@2.75.0
334 silly idealTree +-- rimraf@2.5.4
334 silly idealTree +-- semver@5.3.0
334 silly idealTree +-- send@0.14.1
334 silly idealTree +-- serve-static@1.11.1
334 silly idealTree +-- set-blocking@2.0.0
334 silly idealTree +-- setprototypeof@1.0.1
334 silly idealTree +-- sharp@0.16.2
334 silly idealTree +-- signal-exit@3.0.1
334 silly idealTree +-- sntp@1.0.9
334 silly idealTree +-- sshpk@1.10.1
334 silly idealTree | `-- assert-plus@1.0.0
334 silly idealTree +-- statuses@1.3.0
334 silly idealTree +-- string_decoder@0.10.31
334 silly idealTree +-- string-width@1.0.2
334 silly idealTree +-- stringstream@0.0.5
334 silly idealTree +-- strip-ansi@3.0.1
334 silly idealTree +-- supports-color@2.0.0
334 silly idealTree +-- tar@2.2.1
334 silly idealTree +-- thenify-all@1.6.0
334 silly idealTree +-- thenify@3.2.1
334 silly idealTree +-- tough-cookie@2.3.1
334 silly idealTree +-- tunnel-agent@0.4.3
334 silly idealTree +-- tweetnacl@0.14.3
334 silly idealTree +-- type-is@1.6.13
334 silly idealTree +-- unpipe@1.0.0
334 silly idealTree +-- util-deprecate@1.0.2
334 silly idealTree +-- utils-merge@1.0.0
334 silly idealTree +-- vary@1.1.0
334 silly idealTree +-- verror@1.3.6
334 silly idealTree +-- which@1.2.11
334 silly idealTree +-- wide-align@1.1.0
334 silly idealTree +-- wrappy@1.0.2
334 silly idealTree `-- xtend@4.0.1
335 silly generateActionsToTake Starting
336 silly install generateActionsToTake
337 silly generateActionsToTake Finishing
338 silly diffTrees action count 8
339 silly diffTrees add clone@1.0.2
340 silly diffTrees add color-convert@1.5.0
341 silly diffTrees add color-name@1.1.1
342 silly diffTrees add color-string@0.3.0
343 silly diffTrees add bluebird@3.4.6
344 silly diffTrees add color@0.11.3
345 silly diffTrees add nan@2.4.0
346 silly diffTrees add sharp@0.16.2
347 silly decomposeActions action count 64
348 silly decomposeActions fetch clone@1.0.2
349 silly decomposeActions extract clone@1.0.2
350 silly decomposeActions test clone@1.0.2
351 silly decomposeActions preinstall clone@1.0.2
352 silly decomposeActions build clone@1.0.2
353 silly decomposeActions install clone@1.0.2
354 silly decomposeActions postinstall clone@1.0.2
355 silly decomposeActions finalize clone@1.0.2
356 silly decomposeActions fetch color-convert@1.5.0
357 silly decomposeActions extract color-convert@1.5.0
358 silly decomposeActions test color-convert@1.5.0
359 silly decomposeActions preinstall color-convert@1.5.0
360 silly decomposeActions build color-convert@1.5.0
361 silly decomposeActions install color-convert@1.5.0
362 silly decomposeActions postinstall color-convert@1.5.0
363 silly decomposeActions finalize color-convert@1.5.0
364 silly decomposeActions fetch color-name@1.1.1
365 silly decomposeActions extract color-name@1.1.1
366 silly decomposeActions test color-name@1.1.1
367 silly decomposeActions preinstall color-name@1.1.1
368 silly decomposeActions build color-name@1.1.1
369 silly decomposeActions install color-name@1.1.1
370 silly decomposeActions postinstall color-name@1.1.1
371 silly decomposeActions finalize color-name@1.1.1
372 silly decomposeActions fetch color-string@0.3.0
373 silly decomposeActions extract color-string@0.3.0
374 silly decomposeActions test color-string@0.3.0
375 silly decomposeActions preinstall color-string@0.3.0
376 silly decomposeActions build color-string@0.3.0
377 silly decomposeActions install color-string@0.3.0
378 silly decomposeActions postinstall color-string@0.3.0
379 silly decomposeActions finalize color-string@0.3.0
380 silly decomposeActions fetch bluebird@3.4.6
381 silly decomposeActions extract bluebird@3.4.6
382 silly decomposeActions test bluebird@3.4.6
383 silly decomposeActions preinstall bluebird@3.4.6
384 silly decomposeActions build bluebird@3.4.6
385 silly decomposeActions install bluebird@3.4.6
386 silly decomposeActions postinstall bluebird@3.4.6
387 silly decomposeActions finalize bluebird@3.4.6
388 silly decomposeActions fetch color@0.11.3
389 silly decomposeActions extract color@0.11.3
390 silly decomposeActions test color@0.11.3
391 silly decomposeActions preinstall color@0.11.3
392 silly decomposeActions build color@0.11.3
393 silly decomposeActions install color@0.11.3
394 silly decomposeActions postinstall color@0.11.3
395 silly decomposeActions finalize color@0.11.3
396 silly decomposeActions fetch nan@2.4.0
397 silly decomposeActions extract nan@2.4.0
398 silly decomposeActions test nan@2.4.0
399 silly decomposeActions preinstall nan@2.4.0
400 silly decomposeActions build nan@2.4.0
401 silly decomposeActions install nan@2.4.0
402 silly decomposeActions postinstall nan@2.4.0
403 silly decomposeActions finalize nan@2.4.0
404 silly decomposeActions fetch sharp@0.16.2
405 silly decomposeActions extract sharp@0.16.2
406 silly decomposeActions test sharp@0.16.2
407 silly decomposeActions preinstall sharp@0.16.2
408 silly decomposeActions build sharp@0.16.2
409 silly decomposeActions install sharp@0.16.2
410 silly decomposeActions postinstall sharp@0.16.2
411 silly decomposeActions finalize sharp@0.16.2
412 silly executeActions Starting
413 silly install executeActions
414 silly doSerial global-install 0
415 silly doParallel fetch 8
416 verbose correctMkdir C:\Users\Pavel_Galkin\AppData\Roaming\npm-cache\_locks correctMkdir not in flight; initializing
417 verbose lock using C:\Users\Pavel_Galkin\AppData\Roaming\npm-cache\_locks\staging-29fdd4576db274ce.lock for C:\Pavel_Galkin\Rest\kraska\node_modules\.staging
418 silly doParallel extract 8
419 silly extract clone@1.0.2
420 silly extract color-convert@1.5.0
421 silly extract color-name@1.1.1
422 silly extract color-string@0.3.0
423 silly extract bluebird@3.4.6
424 silly extract color@0.11.3
425 silly extract nan@2.4.0
426 silly extract sharp@0.16.2
427 verbose unbuild node_modules\.staging\clone-617693e2
428 verbose unbuild node_modules\.staging\color-convert-73f4dac2
429 verbose unbuild node_modules\.staging\color-name-a088a19b
430 verbose unbuild node_modules\.staging\color-string-5f6280c7
431 verbose unbuild node_modules\.staging\color-b7644ae9
432 verbose unbuild node_modules\.staging\bluebird-74f5702b
433 verbose unbuild node_modules\.staging\nan-ecb33cf0
434 verbose unbuild node_modules\.staging\sharp-2623fb8a
435 silly gentlyRm C:\Pavel_Galkin\Rest\kraska\node_modules\.staging\clone-617693e2 is being purged from base C:\Pavel_Galkin\Rest\kraska
436 verbose gentlyRm don't care about contents; nuking C:\Pavel_Galkin\Rest\kraska\node_modules\.staging\clone-617693e2
437 silly gentlyRm C:\Pavel_Galkin\Rest\kraska\node_modules\.staging\color-convert-73f4dac2 is being purged from base C:\Pavel_Galkin\Rest\kraska
438 verbose gentlyRm don't care about contents; nuking C:\Pavel_Galkin\Rest\kraska\node_modules\.staging\color-convert-73f4dac2
439 silly gentlyRm C:\Pavel_Galkin\Rest\kraska\node_modules\.staging\color-name-a088a19b is being purged from base C:\Pavel_Galkin\Rest\kraska
440 verbose gentlyRm don't care about contents; nuking C:\Pavel_Galkin\Rest\kraska\node_modules\.staging\color-name-a088a19b
441 silly gentlyRm C:\Pavel_Galkin\Rest\kraska\node_modules\.staging\color-b7644ae9 is being purged from base C:\Pavel_Galkin\Rest\kraska
442 verbose gentlyRm don't care about contents; nuking C:\Pavel_Galkin\Rest\kraska\node_modules\.staging\color-b7644ae9
443 silly gentlyRm C:\Pavel_Galkin\Rest\kraska\node_modules\.staging\color-string-5f6280c7 is being purged from base C:\Pavel_Galkin\Rest\kraska
444 verbose gentlyRm don't care about contents; nuking C:\Pavel_Galkin\Rest\kraska\node_modules\.staging\color-string-5f6280c7
445 silly gentlyRm C:\Pavel_Galkin\Rest\kraska\node_modules\.staging\bluebird-74f5702b is being purged from base C:\Pavel_Galkin\Rest\kraska
446 verbose gentlyRm don't care about contents; nuking C:\Pavel_Galkin\Rest\kraska\node_modules\.staging\bluebird-74f5702b
447 verbose tar unpack C:\Users\Pavel_Galkin\AppData\Roaming\npm-cache\clone\1.0.2\package.tgz
448 verbose tar unpacking to C:\Pavel_Galkin\Rest\kraska\node_modules\.staging\clone-617693e2
449 silly gentlyRm C:\Pavel_Galkin\Rest\kraska\node_modules\.staging\clone-617693e2 is being purged
450 verbose gentlyRm don't care about contents; nuking C:\Pavel_Galkin\Rest\kraska\node_modules\.staging\clone-617693e2
451 verbose tar unpack C:\Users\Pavel_Galkin\AppData\Roaming\npm-cache\color-convert\1.5.0\package.tgz
452 verbose tar unpacking to C:\Pavel_Galkin\Rest\kraska\node_modules\.staging\color-convert-73f4dac2
453 silly gentlyRm C:\Pavel_Galkin\Rest\kraska\node_modules\.staging\color-convert-73f4dac2 is being purged
454 verbose gentlyRm don't care about contents; nuking C:\Pavel_Galkin\Rest\kraska\node_modules\.staging\color-convert-73f4dac2
455 silly gentlyRm C:\Pavel_Galkin\Rest\kraska\node_modules\.staging\sharp-2623fb8a is being purged from base C:\Pavel_Galkin\Rest\kraska
456 verbose gentlyRm don't care about contents; nuking C:\Pavel_Galkin\Rest\kraska\node_modules\.staging\sharp-2623fb8a
457 verbose tar unpack C:\Users\Pavel_Galkin\AppData\Roaming\npm-cache\color-name\1.1.1\package.tgz
458 verbose tar unpacking to C:\Pavel_Galkin\Rest\kraska\node_modules\.staging\color-name-a088a19b
459 silly gentlyRm C:\Pavel_Galkin\Rest\kraska\node_modules\.staging\color-name-a088a19b is being purged
460 verbose gentlyRm don't care about contents; nuking C:\Pavel_Galkin\Rest\kraska\node_modules\.staging\color-name-a088a19b
461 silly gentlyRm C:\Pavel_Galkin\Rest\kraska\node_modules\.staging\nan-ecb33cf0 is being purged from base C:\Pavel_Galkin\Rest\kraska
462 verbose gentlyRm don't care about contents; nuking C:\Pavel_Galkin\Rest\kraska\node_modules\.staging\nan-ecb33cf0
463 verbose tar unpack C:\Users\Pavel_Galkin\AppData\Roaming\npm-cache\color\0.11.3\package.tgz
464 verbose tar unpacking to C:\Pavel_Galkin\Rest\kraska\node_modules\.staging\color-b7644ae9
465 silly gentlyRm C:\Pavel_Galkin\Rest\kraska\node_modules\.staging\color-b7644ae9 is being purged
466 verbose gentlyRm don't care about contents; nuking C:\Pavel_Galkin\Rest\kraska\node_modules\.staging\color-b7644ae9
467 verbose tar unpack C:\Users\Pavel_Galkin\AppData\Roaming\npm-cache\color-string\0.3.0\package.tgz
468 verbose tar unpacking to C:\Pavel_Galkin\Rest\kraska\node_modules\.staging\color-string-5f6280c7
469 silly gentlyRm C:\Pavel_Galkin\Rest\kraska\node_modules\.staging\color-string-5f6280c7 is being purged
470 verbose gentlyRm don't care about contents; nuking C:\Pavel_Galkin\Rest\kraska\node_modules\.staging\color-string-5f6280c7
471 verbose tar unpack C:\Users\Pavel_Galkin\AppData\Roaming\npm-cache\bluebird\3.4.6\package.tgz
472 verbose tar unpacking to C:\Pavel_Galkin\Rest\kraska\node_modules\.staging\bluebird-74f5702b
473 silly gentlyRm C:\Pavel_Galkin\Rest\kraska\node_modules\.staging\bluebird-74f5702b is being purged
474 verbose gentlyRm don't care about contents; nuking C:\Pavel_Galkin\Rest\kraska\node_modules\.staging\bluebird-74f5702b
475 silly gunzTarPerm modes [ '777', '666' ]
476 silly gunzTarPerm modes [ '777', '666' ]
477 verbose tar unpack C:\Users\Pavel_Galkin\AppData\Roaming\npm-cache\sharp\0.16.2\package.tgz
478 verbose tar unpacking to C:\Pavel_Galkin\Rest\kraska\node_modules\.staging\sharp-2623fb8a
479 silly gentlyRm C:\Pavel_Galkin\Rest\kraska\node_modules\.staging\sharp-2623fb8a is being purged
480 verbose gentlyRm don't care about contents; nuking C:\Pavel_Galkin\Rest\kraska\node_modules\.staging\sharp-2623fb8a
481 silly gunzTarPerm modes [ '777', '666' ]
482 verbose tar unpack C:\Users\Pavel_Galkin\AppData\Roaming\npm-cache\nan\2.4.0\package.tgz
483 verbose tar unpacking to C:\Pavel_Galkin\Rest\kraska\node_modules\.staging\nan-ecb33cf0
484 silly gentlyRm C:\Pavel_Galkin\Rest\kraska\node_modules\.staging\nan-ecb33cf0 is being purged
485 verbose gentlyRm don't care about contents; nuking C:\Pavel_Galkin\Rest\kraska\node_modules\.staging\nan-ecb33cf0
486 silly gunzTarPerm modes [ '777', '666' ]
487 silly gunzTarPerm modes [ '777', '666' ]
488 silly gunzTarPerm modes [ '777', '666' ]
489 silly gunzTarPerm modes [ '777', '666' ]
490 silly gunzTarPerm modes [ '777', '666' ]
491 silly gunzTarPerm extractEntry package.json
492 silly gunzTarPerm extractEntry package.json
493 silly gunzTarPerm modified mode [ 'package.json', 420, 438 ]
494 silly gunzTarPerm extractEntry package.json
495 silly gunzTarPerm extractEntry package.json
496 silly gunzTarPerm modified mode [ 'package.json', 420, 438 ]
497 silly gunzTarPerm extractEntry package.json
498 silly gunzTarPerm modified mode [ 'package.json', 420, 438 ]
499 silly gunzTarPerm extractEntry package.json
500 silly gunzTarPerm modified mode [ 'package.json', 420, 438 ]
501 silly gunzTarPerm extractEntry package.json
502 silly gunzTarPerm modified mode [ 'package.json', 436, 438 ]
503 silly gunzTarPerm extractEntry package.json
504 silly gunzTarPerm modified mode [ 'package.json', 436, 438 ]
505 silly gunzTarPerm extractEntry README.md
506 silly gunzTarPerm modified mode [ 'README.md', 420, 438 ]
507 silly gunzTarPerm extractEntry LICENSE
508 silly gunzTarPerm modified mode [ 'LICENSE', 420, 438 ]
509 silly gunzTarPerm extractEntry README.md
510 silly gunzTarPerm extractEntry LICENSE
511 silly gunzTarPerm extractEntry .npmignore
512 silly gunzTarPerm extractEntry README.md
513 silly gunzTarPerm extractEntry README.md
514 silly gunzTarPerm modified mode [ 'README.md', 420, 438 ]
515 silly gunzTarPerm extractEntry LICENSE
516 silly gunzTarPerm modified mode [ 'LICENSE', 420, 438 ]
517 silly gunzTarPerm extractEntry README.md
518 silly gunzTarPerm modified mode [ 'README.md', 420, 438 ]
519 silly gunzTarPerm extractEntry LICENSE
520 silly gunzTarPerm modified mode [ 'LICENSE', 420, 438 ]
521 silly gunzTarPerm extractEntry .npmignore
522 silly gunzTarPerm modified mode [ '.npmignore', 436, 438 ]
523 silly gunzTarPerm extractEntry README.md
524 silly gunzTarPerm modified mode [ 'README.md', 436, 438 ]
525 silly gunzTarPerm extractEntry README.md
526 silly gunzTarPerm modified mode [ 'README.md', 436, 438 ]
527 silly gunzTarPerm extractEntry LICENSE
528 silly gunzTarPerm modified mode [ 'LICENSE', 436, 438 ]
529 silly gunzTarPerm extractEntry README.md
530 silly gunzTarPerm modified mode [ 'README.md', 436, 438 ]
531 silly gunzTarPerm extractEntry include_dirs.js
532 silly gunzTarPerm modified mode [ 'include_dirs.js', 436, 438 ]
533 silly gunzTarPerm extractEntry conversions.js
534 silly gunzTarPerm modified mode [ 'conversions.js', 420, 438 ]
535 silly gunzTarPerm extractEntry css-keywords.js
536 silly gunzTarPerm modified mode [ 'css-keywords.js', 420, 438 ]
537 silly gunzTarPerm extractEntry index.js
538 silly gunzTarPerm modified mode [ 'index.js', 420, 438 ]
539 silly gunzTarPerm extractEntry route.js
540 silly gunzTarPerm modified mode [ 'route.js', 420, 438 ]
541 silly gunzTarPerm extractEntry CHANGELOG.md
542 silly gunzTarPerm modified mode [ 'CHANGELOG.md', 420, 438 ]
543 silly gunzTarPerm extractEntry LICENSE
544 silly gunzTarPerm extractEntry test.js
545 silly gunzTarPerm extractEntry index.js
546 silly gunzTarPerm extractEntry color-string.js
547 silly gunzTarPerm modified mode [ 'color-string.js', 420, 438 ]
548 silly gunzTarPerm extractEntry CHANGELOG.md
549 silly gunzTarPerm modified mode [ 'CHANGELOG.md', 420, 438 ]
550 silly gunzTarPerm extractEntry changelog.md
551 silly gunzTarPerm modified mode [ 'changelog.md', 436, 438 ]
552 silly gunzTarPerm extractEntry js/browser/bluebird.core.js
553 silly gunzTarPerm modified mode [ 'js/browser/bluebird.core.js', 436, 438 ]
554 silly gunzTarPerm extractEntry LICENSE
555 silly gunzTarPerm modified mode [ 'LICENSE', 436, 438 ]
556 silly gunzTarPerm extractEntry index.js
557 silly gunzTarPerm modified mode [ 'index.js', 420, 438 ]
558 silly gunzTarPerm extractEntry nan_callbacks_pre_12_inl.h
559 silly gunzTarPerm modified mode [ 'nan_callbacks_pre_12_inl.h', 436, 438 ]
560 silly gunzTarPerm extractEntry CHANGELOG.md
561 silly gunzTarPerm modified mode [ 'CHANGELOG.md', 436, 438 ]
562 silly gunzTarPerm extractEntry LICENSE.md
563 silly gunzTarPerm modified mode [ 'LICENSE.md', 436, 438 ]
564 silly gunzTarPerm extractEntry binding.js
565 silly gunzTarPerm modified mode [ 'binding.js', 436, 438 ]
566 silly gunzTarPerm extractEntry doc/node_misc.md
567 silly gunzTarPerm modified mode [ 'doc/node_misc.md', 436, 438 ]
568 silly gunzTarPerm extractEntry clone.js
569 silly gunzTarPerm extractEntry index.js
570 silly gunzTarPerm modified mode [ 'index.js', 436, 438 ]
571 silly gunzTarPerm extractEntry binding.gyp
572 silly gunzTarPerm modified mode [ 'binding.gyp', 436, 438 ]
573 silly gunzTarPerm extractEntry test/basic.js
574 silly gunzTarPerm modified mode [ 'test/basic.js', 420, 438 ]
575 silly gunzTarPerm extractEntry js/browser/bluebird.core.min.js
576 silly gunzTarPerm modified mode [ 'js/browser/bluebird.core.min.js', 436, 438 ]
577 silly gunzTarPerm extractEntry doc/asyncworker.md
578 silly gunzTarPerm modified mode [ 'doc/asyncworker.md', 436, 438 ]
579 silly gunzTarPerm extractEntry doc/callback.md
580 silly gunzTarPerm modified mode [ 'doc/callback.md', 436, 438 ]
581 silly gunzTarPerm extractEntry .travis.yml
582 silly gunzTarPerm extractEntry test-apart-ctx.html
583 silly gunzTarPerm extractEntry docs/api.md
584 silly gunzTarPerm modified mode [ 'docs/api.md', 436, 438 ]
585 silly gunzTarPerm extractEntry docs/changelog.md
586 silly gunzTarPerm modified mode [ 'docs/changelog.md', 420, 438 ]
587 silly gunzTarPerm extractEntry js/browser/bluebird.js
588 silly gunzTarPerm modified mode [ 'js/browser/bluebird.js', 436, 438 ]
589 silly gunzTarPerm extractEntry js/browser/bluebird.min.js
590 silly gunzTarPerm modified mode [ 'js/browser/bluebird.min.js', 436, 438 ]
591 silly gunzTarPerm extractEntry doc/converters.md
592 silly gunzTarPerm modified mode [ 'doc/converters.md', 436, 438 ]
593 silly gunzTarPerm extractEntry doc/errors.md
594 silly gunzTarPerm modified mode [ 'doc/errors.md', 436, 438 ]
595 silly gunzTarPerm extractEntry test.html
596 silly gunzTarPerm extractEntry docs/index.md
597 silly gunzTarPerm modified mode [ 'docs/index.md', 436, 438 ]
598 silly gunzTarPerm extractEntry docs/install.md
599 silly gunzTarPerm modified mode [ 'docs/install.md', 420, 438 ]
600 silly gunzTarPerm extractEntry js/release/any.js
601 silly gunzTarPerm modified mode [ 'js/release/any.js', 436, 438 ]
602 silly gunzTarPerm extractEntry js/release/finally.js
603 silly gunzTarPerm modified mode [ 'js/release/finally.js', 436, 438 ]
604 silly gunzTarPerm extractEntry js/release/generators.js
605 silly gunzTarPerm modified mode [ 'js/release/generators.js', 436, 438 ]
606 silly gunzTarPerm extractEntry js/release/join.js
607 silly gunzTarPerm modified mode [ 'js/release/join.js', 436, 438 ]
608 silly gunzTarPerm extractEntry doc/maybe_types.md
609 silly gunzTarPerm modified mode [ 'doc/maybe_types.md', 436, 438 ]
610 silly gunzTarPerm extractEntry doc/methods.md
611 silly gunzTarPerm modified mode [ 'doc/methods.md', 436, 438 ]
612 silly gunzTarPerm extractEntry js/release/filter.js
613 silly gunzTarPerm modified mode [ 'js/release/filter.js', 436, 438 ]
614 silly gunzTarPerm extractEntry docs/performance.md
615 silly gunzTarPerm modified mode [ 'docs/performance.md', 420, 438 ]
616 silly gunzTarPerm extractEntry icc/cmyk.icm
617 silly gunzTarPerm modified mode [ 'icc/cmyk.icm', 420, 438 ]
618 silly gunzTarPerm extractEntry js/release/method.js
619 silly gunzTarPerm modified mode [ 'js/release/method.js', 436, 438 ]
620 silly gentlyRm C:\Pavel_Galkin\Rest\kraska\node_modules\.staging\color-name-a088a19b\node_modules is being purged
621 verbose gentlyRm don't care about contents; nuking C:\Pavel_Galkin\Rest\kraska\node_modules\.staging\color-name-a088a19b\node_modules
622 silly gentlyRm C:\Pavel_Galkin\Rest\kraska\node_modules\.staging\color-b7644ae9\node_modules is being purged
623 verbose gentlyRm don't care about contents; nuking C:\Pavel_Galkin\Rest\kraska\node_modules\.staging\color-b7644ae9\node_modules
624 silly gunzTarPerm extractEntry js/release/nodeback.js
625 silly gunzTarPerm modified mode [ 'js/release/nodeback.js', 436, 438 ]
626 silly gunzTarPerm extractEntry js/release/nodeify.js
627 silly gunzTarPerm modified mode [ 'js/release/nodeify.js', 436, 438 ]
628 silly gunzTarPerm extractEntry doc/new.md
629 silly gunzTarPerm modified mode [ 'doc/new.md', 436, 438 ]
630 silly gunzTarPerm extractEntry doc/buffers.md
631 silly gunzTarPerm modified mode [ 'doc/buffers.md', 436, 438 ]
632 silly gunzTarPerm extractEntry js/release/promise.js
633 silly gunzTarPerm modified mode [ 'js/release/promise.js', 436, 438 ]
634 silly gunzTarPerm extractEntry doc/object_wrappers.md
635 silly gunzTarPerm modified mode [ 'doc/object_wrappers.md', 436, 438 ]
636 silly gunzTarPerm extractEntry doc/persistent.md
637 silly gunzTarPerm modified mode [ 'doc/persistent.md', 436, 438 ]
638 silly gunzTarPerm extractEntry js/release/promise_array.js
639 silly gunzTarPerm modified mode [ 'js/release/promise_array.js', 436, 438 ]
640 silly gunzTarPerm extractEntry js/release/es5.js
641 silly gunzTarPerm modified mode [ 'js/release/es5.js', 436, 438 ]
642 silly gunzTarPerm extractEntry js/release/promisify.js
643 silly gunzTarPerm modified mode [ 'js/release/promisify.js', 436, 438 ]
644 silly gentlyRm C:\Pavel_Galkin\Rest\kraska\node_modules\.staging\color-string-5f6280c7\node_modules is being purged
645 verbose gentlyRm don't care about contents; nuking C:\Pavel_Galkin\Rest\kraska\node_modules\.staging\color-string-5f6280c7\node_modules
646 silly gunzTarPerm extractEntry js/release/errors.js
647 silly gunzTarPerm modified mode [ 'js/release/errors.js', 436, 438 ]
648 silly gunzTarPerm extractEntry doc/scopes.md
649 silly gunzTarPerm modified mode [ 'doc/scopes.md', 436, 438 ]
650 silly gunzTarPerm extractEntry doc/script.md
651 silly gunzTarPerm modified mode [ 'doc/script.md', 436, 438 ]
652 silly gunzTarPerm extractEntry js/release/props.js
653 silly gunzTarPerm modified mode [ 'js/release/props.js', 436, 438 ]
654 silly gunzTarPerm extractEntry js/release/each.js
655 silly gunzTarPerm modified mode [ 'js/release/each.js', 436, 438 ]
656 silly gunzTarPerm extractEntry doc/string_bytes.md
657 silly gunzTarPerm modified mode [ 'doc/string_bytes.md', 436, 438 ]
658 silly gunzTarPerm extractEntry doc/v8_internals.md
659 silly gunzTarPerm modified mode [ 'doc/v8_internals.md', 436, 438 ]
660 silly gunzTarPerm extractEntry js/release/queue.js
661 silly gunzTarPerm modified mode [ 'js/release/queue.js', 436, 438 ]
662 silly gunzTarPerm extractEntry js/release/direct_resolve.js
663 silly gunzTarPerm modified mode [ 'js/release/direct_resolve.js', 436, 438 ]
664 silly gunzTarPerm extractEntry js/release/race.js
665 silly gunzTarPerm modified mode [ 'js/release/race.js', 436, 438 ]
666 silly gentlyRm C:\Pavel_Galkin\Rest\kraska\node_modules\.staging\color-convert-73f4dac2\node_modules is being purged
667 verbose gentlyRm don't care about contents; nuking C:\Pavel_Galkin\Rest\kraska\node_modules\.staging\color-convert-73f4dac2\node_modules
668 silly gunzTarPerm extractEntry js/release/debuggability.js
669 silly gunzTarPerm modified mode [ 'js/release/debuggability.js', 436, 438 ]
670 silly gunzTarPerm extractEntry js/release/reduce.js
671 silly gunzTarPerm modified mode [ 'js/release/reduce.js', 436, 438 ]
672 silly gunzTarPerm extractEntry doc/v8_misc.md
673 silly gunzTarPerm modified mode [ 'doc/v8_misc.md', 436, 438 ]
674 silly gunzTarPerm extractEntry nan.h
675 silly gunzTarPerm modified mode [ 'nan.h', 436, 438 ]
676 silly gunzTarPerm extractEntry js/release/context.js
677 silly gunzTarPerm modified mode [ 'js/release/context.js', 436, 438 ]
678 silly gentlyRm C:\Pavel_Galkin\Rest\kraska\node_modules\.staging\clone-617693e2\node_modules is being purged
679 verbose gentlyRm don't care about contents; nuking C:\Pavel_Galkin\Rest\kraska\node_modules\.staging\clone-617693e2\node_modules
680 silly gunzTarPerm extractEntry js/release/schedule.js
681 silly gunzTarPerm modified mode [ 'js/release/schedule.js', 436, 438 ]
682 silly gunzTarPerm extractEntry js/release/catch_filter.js
683 silly gunzTarPerm modified mode [ 'js/release/catch_filter.js', 436, 438 ]
684 silly gunzTarPerm extractEntry js/release/settle.js
685 silly gunzTarPerm modified mode [ 'js/release/settle.js', 436, 438 ]
686 silly gunzTarPerm extractEntry nan_callbacks.h
687 silly gunzTarPerm modified mode [ 'nan_callbacks.h', 436, 438 ]
688 silly gunzTarPerm extractEntry nan_callbacks_12_inl.h
689 silly gunzTarPerm modified mode [ 'nan_callbacks_12_inl.h', 436, 438 ]
690 silly gunzTarPerm extractEntry js/release/cancel.js
691 silly gunzTarPerm modified mode [ 'js/release/cancel.js', 436, 438 ]
692 silly gunzTarPerm extractEntry js/release/some.js
693 silly gunzTarPerm modified mode [ 'js/release/some.js', 436, 438 ]
694 silly gunzTarPerm extractEntry js/release/call_get.js
695 silly gunzTarPerm modified mode [ 'js/release/call_get.js', 436, 438 ]
696 silly gunzTarPerm extractEntry js/release/synchronous_inspection.js
697 silly gunzTarPerm modified mode [ 'js/release/synchronous_inspection.js', 436, 438 ]
698 silly gunzTarPerm extractEntry nan_converters.h
699 silly gunzTarPerm modified mode [ 'nan_converters.h', 436, 438 ]
700 silly gunzTarPerm extractEntry nan_converters_43_inl.h
701 silly gunzTarPerm modified mode [ 'nan_converters_43_inl.h', 436, 438 ]
702 silly gunzTarPerm extractEntry nan_converters_pre_43_inl.h
703 silly gunzTarPerm modified mode [ 'nan_converters_pre_43_inl.h', 436, 438 ]
704 silly gunzTarPerm extractEntry icc/sRGB.icc
705 silly gunzTarPerm modified mode [ 'icc/sRGB.icc', 420, 438 ]
706 silly gunzTarPerm extractEntry nan_implementation_12_inl.h
707 silly gunzTarPerm modified mode [ 'nan_implementation_12_inl.h', 436, 438 ]
708 silly gunzTarPerm extractEntry src/operations.h
709 silly gunzTarPerm modified mode [ 'src/operations.h', 436, 438 ]
710 silly gunzTarPerm extractEntry src/common.cc
711 silly gunzTarPerm modified mode [ 'src/common.cc', 436, 438 ]
712 silly gunzTarPerm extractEntry js/release/bluebird.js
713 silly gunzTarPerm modified mode [ 'js/release/bluebird.js', 436, 438 ]
714 silly gunzTarPerm extractEntry js/release/thenables.js
715 silly gunzTarPerm modified mode [ 'js/release/thenables.js', 436, 438 ]
716 silly gunzTarPerm extractEntry js/release/bind.js
717 silly gunzTarPerm modified mode [ 'js/release/bind.js', 436, 438 ]
718 silly gunzTarPerm extractEntry js/release/timers.js
719 silly gunzTarPerm modified mode [ 'js/release/timers.js', 436, 438 ]
720 silly gunzTarPerm extractEntry src/libvips/cplusplus/VError.cpp
721 silly gunzTarPerm modified mode [ 'src/libvips/cplusplus/VError.cpp', 436, 438 ]
722 silly gunzTarPerm extractEntry src/libvips/cplusplus/VImage.cpp
723 silly gunzTarPerm modified mode [ 'src/libvips/cplusplus/VImage.cpp', 436, 438 ]
724 silly gunzTarPerm extractEntry nan_implementation_pre_12_inl.h
725 silly gunzTarPerm modified mode [ 'nan_implementation_pre_12_inl.h', 436, 438 ]
726 silly gunzTarPerm extractEntry nan_maybe_43_inl.h
727 silly gunzTarPerm modified mode [ 'nan_maybe_43_inl.h', 436, 438 ]
728 silly gunzTarPerm extractEntry nan_maybe_pre_43_inl.h
729 silly gunzTarPerm modified mode [ 'nan_maybe_pre_43_inl.h', 436, 438 ]
730 silly gunzTarPerm extractEntry js/release/async.js
731 silly gunzTarPerm modified mode [ 'js/release/async.js', 436, 438 ]
732 silly gunzTarPerm extractEntry src/libvips/cplusplus/VInterpolate.cpp
733 silly gunzTarPerm modified mode [ 'src/libvips/cplusplus/VInterpolate.cpp', 436, 438 ]
734 silly gunzTarPerm extractEntry nan_new.h
735 silly gunzTarPerm modified mode [ 'nan_new.h', 436, 438 ]
736 silly gunzTarPerm extractEntry js/release/using.js
737 silly gunzTarPerm modified mode [ 'js/release/using.js', 436, 438 ]
738 silly gunzTarPerm extractEntry src/libvips/cplusplus/vips-operators.cpp
739 silly gunzTarPerm modified mode [ 'src/libvips/cplusplus/vips-operators.cpp', 436, 438 ]
740 silly gunzTarPerm extractEntry js/release/assert.js
741 silly gunzTarPerm modified mode [ 'js/release/assert.js', 436, 438 ]
742 silly gunzTarPerm extractEntry src/metadata.cc
743 silly gunzTarPerm modified mode [ 'src/metadata.cc', 436, 438 ]
744 silly gunzTarPerm extractEntry src/metadata.h
745 silly gunzTarPerm modified mode [ 'src/metadata.h', 436, 438 ]
746 silly gunzTarPerm extractEntry src/operations.cc
747 silly gunzTarPerm modified mode [ 'src/operations.cc', 436, 438 ]
748 silly gunzTarPerm extractEntry src/common.h
749 silly gunzTarPerm modified mode [ 'src/common.h', 436, 438 ]
750 silly gunzTarPerm extractEntry nan_object_wrap.h
751 silly gunzTarPerm modified mode [ 'nan_object_wrap.h', 436, 438 ]
752 silly gunzTarPerm extractEntry nan_persistent_12_inl.h
753 silly gunzTarPerm modified mode [ 'nan_persistent_12_inl.h', 436, 438 ]
754 silly gunzTarPerm extractEntry src/pipeline.cc
755 silly gunzTarPerm modified mode [ 'src/pipeline.cc', 436, 438 ]
756 silly gunzTarPerm extractEntry js/release/util.js
757 silly gunzTarPerm modified mode [ 'js/release/util.js', 436, 438 ]
758 silly gunzTarPerm extractEntry js/release/map.js
759 silly gunzTarPerm modified mode [ 'js/release/map.js', 436, 438 ]
760 silly gunzTarPerm extractEntry src/pipeline.h
761 silly gunzTarPerm modified mode [ 'src/pipeline.h', 436, 438 ]
762 silly gunzTarPerm extractEntry src/sharp.cc
763 silly gunzTarPerm modified mode [ 'src/sharp.cc', 436, 438 ]
764 silly gunzTarPerm extractEntry src/utilities.cc
765 silly gunzTarPerm modified mode [ 'src/utilities.cc', 436, 438 ]
766 silly gunzTarPerm extractEntry src/utilities.h
767 silly gunzTarPerm modified mode [ 'src/utilities.h', 436, 438 ]
768 silly gunzTarPerm extractEntry nan_persistent_pre_12_inl.h
769 silly gunzTarPerm modified mode [ 'nan_persistent_pre_12_inl.h', 436, 438 ]
770 silly gunzTarPerm extractEntry nan_string_bytes.h
771 silly gunzTarPerm modified mode [ 'nan_string_bytes.h', 436, 438 ]
772 silly gunzTarPerm extractEntry CONTRIBUTING.md
773 silly gunzTarPerm modified mode [ 'CONTRIBUTING.md', 436, 438 ]
774 silly gunzTarPerm extractEntry nan_typedarray_contents.h
775 silly gunzTarPerm modified mode [ 'nan_typedarray_contents.h', 436, 438 ]
776 silly gunzTarPerm extractEntry nan_weak.h
777 silly gunzTarPerm modified mode [ 'nan_weak.h', 436, 438 ]
778 silly gunzTarPerm extractEntry tools/package.json
779 silly gunzTarPerm modified mode [ 'tools/package.json', 436, 438 ]
780 silly gunzTarPerm extractEntry tools/README.md
781 silly gunzTarPerm modified mode [ 'tools/README.md', 436, 438 ]
782 silly gunzTarPerm extractEntry tools/1to2.js
783 silly gunzTarPerm modified mode [ 'tools/1to2.js', 509, 511 ]
784 silly gentlyRm C:\Pavel_Galkin\Rest\kraska\node_modules\.staging\sharp-2623fb8a\node_modules is being purged
785 verbose gentlyRm don't care about contents; nuking C:\Pavel_Galkin\Rest\kraska\node_modules\.staging\sharp-2623fb8a\node_modules
786 silly gentlyRm C:\Pavel_Galkin\Rest\kraska\node_modules\.staging\nan-ecb33cf0\node_modules is being purged
787 verbose gentlyRm don't care about contents; nuking C:\Pavel_Galkin\Rest\kraska\node_modules\.staging\nan-ecb33cf0\node_modules
788 silly gentlyRm C:\Pavel_Galkin\Rest\kraska\node_modules\.staging\bluebird-74f5702b\node_modules is being purged
789 verbose gentlyRm don't care about contents; nuking C:\Pavel_Galkin\Rest\kraska\node_modules\.staging\bluebird-74f5702b\node_modules
790 silly doParallel preinstall 8
791 silly preinstall clone@1.0.2 C:\Pavel_Galkin\Rest\kraska\node_modules\.staging\clone-617693e2
792 info lifecycle clone@1.0.2~preinstall: clone@1.0.2
793 silly preinstall color-convert@1.5.0 C:\Pavel_Galkin\Rest\kraska\node_modules\.staging\color-convert-73f4dac2
794 info lifecycle color-convert@1.5.0~preinstall: color-convert@1.5.0
795 silly preinstall color-name@1.1.1 C:\Pavel_Galkin\Rest\kraska\node_modules\.staging\color-name-a088a19b
796 info lifecycle color-name@1.1.1~preinstall: color-name@1.1.1
797 silly preinstall color-string@0.3.0 C:\Pavel_Galkin\Rest\kraska\node_modules\.staging\color-string-5f6280c7
798 info lifecycle color-string@0.3.0~preinstall: color-string@0.3.0
799 silly preinstall bluebird@3.4.6 C:\Pavel_Galkin\Rest\kraska\node_modules\.staging\bluebird-74f5702b
800 info lifecycle bluebird@3.4.6~preinstall: bluebird@3.4.6
801 silly preinstall color@0.11.3 C:\Pavel_Galkin\Rest\kraska\node_modules\.staging\color-b7644ae9
802 info lifecycle color@0.11.3~preinstall: color@0.11.3
803 silly preinstall nan@2.4.0 C:\Pavel_Galkin\Rest\kraska\node_modules\.staging\nan-ecb33cf0
804 info lifecycle nan@2.4.0~preinstall: nan@2.4.0
805 silly preinstall sharp@0.16.2 C:\Pavel_Galkin\Rest\kraska\node_modules\.staging\sharp-2623fb8a
806 info lifecycle sharp@0.16.2~preinstall: sharp@0.16.2
807 silly lifecycle clone@1.0.2~preinstall: no script for preinstall, continuing
808 silly lifecycle color-convert@1.5.0~preinstall: no script for preinstall, continuing
809 silly lifecycle color-name@1.1.1~preinstall: no script for preinstall, continuing
810 silly lifecycle color-string@0.3.0~preinstall: no script for preinstall, continuing
811 silly lifecycle bluebird@3.4.6~preinstall: no script for preinstall, continuing
812 silly lifecycle nan@2.4.0~preinstall: no script for preinstall, continuing
813 silly lifecycle color@0.11.3~preinstall: no script for preinstall, continuing
814 silly lifecycle sharp@0.16.2~preinstall: no script for preinstall, continuing
815 silly doReverseSerial remove 0
816 silly doSerial move 0
817 silly doSerial finalize 8
818 silly finalize C:\Pavel_Galkin\Rest\kraska\node_modules\clone
819 silly finalize C:\Pavel_Galkin\Rest\kraska\node_modules\color-convert
820 silly finalize C:\Pavel_Galkin\Rest\kraska\node_modules\color-name
821 silly finalize C:\Pavel_Galkin\Rest\kraska\node_modules\color-string
822 silly finalize C:\Pavel_Galkin\Rest\kraska\node_modules\bluebird
823 silly finalize C:\Pavel_Galkin\Rest\kraska\node_modules\color
824 silly finalize C:\Pavel_Galkin\Rest\kraska\node_modules\nan
825 silly finalize C:\Pavel_Galkin\Rest\kraska\node_modules\sharp
826 silly doSerial build 8
827 silly build clone@1.0.2
828 info linkStuff clone@1.0.2
829 silly linkStuff clone@1.0.2 has C:\Pavel_Galkin\Rest\kraska\node_modules as its parent node_modules
830 verbose linkBins clone@1.0.2
831 verbose linkMans clone@1.0.2
832 silly build color-convert@1.5.0
833 info linkStuff color-convert@1.5.0
834 silly linkStuff color-convert@1.5.0 has C:\Pavel_Galkin\Rest\kraska\node_modules as its parent node_modules
835 verbose linkBins color-convert@1.5.0
836 verbose linkMans color-convert@1.5.0
837 silly build color-name@1.1.1
838 info linkStuff color-name@1.1.1
839 silly linkStuff color-name@1.1.1 has C:\Pavel_Galkin\Rest\kraska\node_modules as its parent node_modules
840 verbose linkBins color-name@1.1.1
841 verbose linkMans color-name@1.1.1
842 silly build color-string@0.3.0
843 info linkStuff color-string@0.3.0
844 silly linkStuff color-string@0.3.0 has C:\Pavel_Galkin\Rest\kraska\node_modules as its parent node_modules
845 verbose linkBins color-string@0.3.0
846 verbose linkMans color-string@0.3.0
847 silly build bluebird@3.4.6
848 info linkStuff bluebird@3.4.6
849 silly linkStuff bluebird@3.4.6 has C:\Pavel_Galkin\Rest\kraska\node_modules as its parent node_modules
850 verbose linkBins bluebird@3.4.6
851 verbose linkMans bluebird@3.4.6
852 silly build color@0.11.3
853 info linkStuff color@0.11.3
854 silly linkStuff color@0.11.3 has C:\Pavel_Galkin\Rest\kraska\node_modules as its parent node_modules
855 verbose linkBins color@0.11.3
856 verbose linkMans color@0.11.3
857 silly build nan@2.4.0
858 info linkStuff nan@2.4.0
859 silly linkStuff nan@2.4.0 has C:\Pavel_Galkin\Rest\kraska\node_modules as its parent node_modules
860 verbose linkBins nan@2.4.0
861 verbose linkMans nan@2.4.0
862 silly build sharp@0.16.2
863 info linkStuff sharp@0.16.2
864 silly linkStuff sharp@0.16.2 has C:\Pavel_Galkin\Rest\kraska\node_modules as its parent node_modules
865 verbose linkBins sharp@0.16.2
866 verbose linkMans sharp@0.16.2
867 silly doSerial global-link 0
868 silly doParallel update-linked 0
869 silly doSerial install 8
870 silly install clone@1.0.2 C:\Pavel_Galkin\Rest\kraska\node_modules\.staging\clone-617693e2
871 info lifecycle clone@1.0.2~install: clone@1.0.2
872 silly lifecycle clone@1.0.2~install: no script for install, continuing
873 silly install color-convert@1.5.0 C:\Pavel_Galkin\Rest\kraska\node_modules\.staging\color-convert-73f4dac2
874 info lifecycle color-convert@1.5.0~install: color-convert@1.5.0
875 silly lifecycle color-convert@1.5.0~install: no script for install, continuing
876 silly install color-name@1.1.1 C:\Pavel_Galkin\Rest\kraska\node_modules\.staging\color-name-a088a19b
877 info lifecycle color-name@1.1.1~install: color-name@1.1.1
878 silly lifecycle color-name@1.1.1~install: no script for install, continuing
879 silly install color-string@0.3.0 C:\Pavel_Galkin\Rest\kraska\node_modules\.staging\color-string-5f6280c7
880 info lifecycle color-string@0.3.0~install: color-string@0.3.0
881 silly lifecycle color-string@0.3.0~install: no script for install, continuing
882 silly install bluebird@3.4.6 C:\Pavel_Galkin\Rest\kraska\node_modules\.staging\bluebird-74f5702b
883 info lifecycle bluebird@3.4.6~install: bluebird@3.4.6
884 silly lifecycle bluebird@3.4.6~install: no script for install, continuing
885 silly install color@0.11.3 C:\Pavel_Galkin\Rest\kraska\node_modules\.staging\color-b7644ae9
886 info lifecycle color@0.11.3~install: color@0.11.3
887 silly lifecycle color@0.11.3~install: no script for install, continuing
888 silly install nan@2.4.0 C:\Pavel_Galkin\Rest\kraska\node_modules\.staging\nan-ecb33cf0
889 info lifecycle nan@2.4.0~install: nan@2.4.0
890 silly lifecycle nan@2.4.0~install: no script for install, continuing
891 silly install sharp@0.16.2 C:\Pavel_Galkin\Rest\kraska\node_modules\.staging\sharp-2623fb8a
892 info lifecycle sharp@0.16.2~install: sharp@0.16.2
893 verbose lifecycle sharp@0.16.2~install: unsafe-perm in lifecycle true
894 verbose lifecycle sharp@0.16.2~install: PATH: C:\Program Files\nodejs\node_modules\npm\bin\node-gyp-bin;C:\Pavel_Galkin\Rest\kraska\node_modules\sharp\node_modules\.bin;C:\Pavel_Galkin\Rest\kraska\node_modules\.bin;C:\Program Files\nodejs;C:\ProgramData\Oracle\Java\javapath;C:\WINDOWS\system32;C:\WINDOWS;C:\WINDOWS\System32\Wbem;C:\WINDOWS\System32\WindowsPowerShell\v1.0\;C:\Program Files (x86)\Skype\Phone\;C:\Program Files\TortoiseSVN\bin;C:\Program Files\Git\cmd;C:\Program Files\nodejs\;C:\python27;C:\Program Files (x86)\Microsoft VS Code\bin;C:\Users\Pavel_Galkin\AppData\Roaming\npm;C:\DCC\API_1512
895 verbose lifecycle sharp@0.16.2~install: CWD: C:\Pavel_Galkin\Rest\kraska\node_modules\sharp
896 silly lifecycle sharp@0.16.2~install: Args: [ '/d /s /c', 'node-gyp rebuild' ]
897 silly lifecycle sharp@0.16.2~install: Returned: code: 1  signal: null
898 info lifecycle sharp@0.16.2~install: Failed to exec install script
899 verbose unlock done using C:\Users\Pavel_Galkin\AppData\Roaming\npm-cache\_locks\staging-29fdd4576db274ce.lock for C:\Pavel_Galkin\Rest\kraska\node_modules\.staging
900 silly rollbackFailedOptional Starting
901 silly rollbackFailedOptional Finishing
902 silly runTopLevelLifecycles Starting
903 silly runTopLevelLifecycles Finishing
904 silly install printInstalled
905 verbose stack Error: sharp@0.16.2 install: `node-gyp rebuild`
905 verbose stack Exit status 1
905 verbose stack     at EventEmitter.<anonymous> (C:\Program Files\nodejs\node_modules\npm\lib\utils\lifecycle.js:242:16)
905 verbose stack     at emitTwo (events.js:106:13)
905 verbose stack     at EventEmitter.emit (events.js:191:7)
905 verbose stack     at ChildProcess.<anonymous> (C:\Program Files\nodejs\node_modules\npm\lib\utils\spawn.js:40:14)
905 verbose stack     at emitTwo (events.js:106:13)
905 verbose stack     at ChildProcess.emit (events.js:191:7)
905 verbose stack     at maybeClose (internal/child_process.js:877:16)
905 verbose stack     at Process.ChildProcess._handle.onexit (internal/child_process.js:226:5)
906 verbose pkgid sharp@0.16.2
907 verbose cwd C:\Pavel_Galkin\Rest\kraska
908 error Windows_NT 10.0.10586
909 error argv "C:\\Program Files\\nodejs\\node.exe" "C:\\Program Files\\nodejs\\node_modules\\npm\\bin\\npm-cli.js" "install" "sharp"
910 error node v6.5.0
911 error npm  v3.10.3
912 error code ELIFECYCLE
913 error sharp@0.16.2 install: `node-gyp rebuild`
913 error Exit status 1
914 error Failed at the sharp@0.16.2 install script 'node-gyp rebuild'.
914 error Make sure you have the latest version of node.js and npm installed.
914 error If you do, this is most likely a problem with the sharp package,
914 error not with npm itself.
914 error Tell the author that this fails on your system:
914 error     node-gyp rebuild
914 error You can get information on how to open an issue for this project with:
914 error     npm bugs sharp
914 error Or if that isn't available, you can get their info via:
914 error     npm owner ls sharp
914 error There is likely additional logging output above.
915 verbose exit [ 1, true ]
